#
# There is insufficient memory for the Java Runtime Environment to continue.
# Native memory allocation (malloc) failed to allocate 1232816 bytes for Chunk::new
# Possible reasons:
#   The system is out of physical RAM or swap space
#   The process is running with CompressedOops enabled, and the Java Heap may be blocking the growth of the native heap
# Possible solutions:
#   Reduce memory load on the system
#   Increase physical memory or swap space
#   Check if swap backing store is full
#   Decrease Java heap size (-Xmx/-Xms)
#   Decrease number of Java threads
#   Decrease Java thread stack sizes (-Xss)
#   Set larger code cache with -XX:ReservedCodeCacheSize=
#   JVM is running with Unscaled Compressed Oops mode in which the Java heap is
#     placed in the first 4GB address space. The Java Heap base address is the
#     maximum limit for the native heap growth. Please use -XX:HeapBaseMinAddress
#     to set the Java Heap base and to place the Java Heap above 4GB virtual address.
# This output file may be truncated or incomplete.
#
#  Out of Memory Error (arena.cpp:189), pid=12488, tid=3900
#
# JRE version: OpenJDK Runtime Environment (17.0.6) (build 17.0.6+0-b2043.56-10027231)
# Java VM: OpenJDK 64-Bit Server VM (17.0.6+0-b2043.56-10027231, mixed mode, tiered, compressed oops, compressed class ptrs, g1 gc, windows-amd64)
# No core dump will be written. Minidumps are not enabled by default on client versions of Windows
#

---------------  S U M M A R Y ------------

Command Line: --add-opens=java.base/java.util=ALL-UNNAMED --add-opens=java.base/java.lang=ALL-UNNAMED --add-opens=java.base/java.lang.invoke=ALL-UNNAMED --add-opens=java.prefs/java.util.prefs=ALL-UNNAMED --add-opens=java.base/java.nio.charset=ALL-UNNAMED --add-opens=java.base/java.net=ALL-UNNAMED --add-opens=java.base/java.util.concurrent.atomic=ALL-UNNAMED -Xmx2048m -Dfile.encoding=UTF-8 -Duser.country=US -Duser.language=en -Duser.variant org.gradle.launcher.daemon.bootstrap.GradleDaemon 8.0

Host: Intel(R) Core(TM) i7-9750H CPU @ 2.60GHz, 12 cores, 7G,  Windows 11 , 64 bit Build 22621 (10.0.22621.2506)
Time: Tue Jan  9 12:47:15 2024 SE Asia Standard Time elapsed time: 18.392223 seconds (0d 0h 0m 18s)

---------------  T H R E A D  ---------------

Current thread (0x0000023b28c470b0):  JavaThread "C2 CompilerThread0" daemon [_thread_in_native, id=3900, stack(0x000000659c700000,0x000000659c800000)]


Current CompileTask:
C2:  18392 8475       4       org.gradle.api.internal.tasks.compile.incremental.serialization.HierarchicalNameSerializer::readName (51 bytes)

Stack: [0x000000659c700000,0x000000659c800000]
Native frames: (J=compiled Java code, j=interpreted, Vv=VM code, C=native code)
V  [jvm.dll+0x683c9a]
V  [jvm.dll+0x8427a4]
V  [jvm.dll+0x843f9e]
V  [jvm.dll+0x844603]
V  [jvm.dll+0x249b75]
V  [jvm.dll+0xabcac]
V  [jvm.dll+0xac27c]
V  [jvm.dll+0x368802]
V  [jvm.dll+0x1bced2]
V  [jvm.dll+0x21c359]
V  [jvm.dll+0x21b621]
V  [jvm.dll+0x1a4fdd]
V  [jvm.dll+0x22b098]
V  [jvm.dll+0x229159]
V  [jvm.dll+0x7f81ec]
V  [jvm.dll+0x7f274a]
V  [jvm.dll+0x682ad5]
C  [ucrtbase.dll+0x29363]
C  [KERNEL32.DLL+0x1257d]
C  [ntdll.dll+0x5aa58]


---------------  P R O C E S S  ---------------

Threads class SMR info:
_java_thread_list=0x0000023b296f2590, length=182, elements={
0x0000023b0dd8a330, 0x0000023b2802b710, 0x0000023b2802d590, 0x0000023b28c332a0,
0x0000023b28c42fa0, 0x0000023b28c45970, 0x0000023b28c46320, 0x0000023b28c470b0,
0x0000023b28c53460, 0x0000023b28c55e60, 0x0000023b28dcb030, 0x0000023b28dcf510,
0x0000023b2a5e8cc0, 0x0000023b2a4cd080, 0x0000023b2a3dc480, 0x0000023b2a328510,
0x0000023b2a3289e0, 0x0000023b2a328eb0, 0x0000023b2b0a1440, 0x0000023b29f38810,
0x0000023b29f36190, 0x0000023b29f36b30, 0x0000023b29f39b50, 0x0000023b29f38ce0,
0x0000023b29f374d0, 0x0000023b29f36660, 0x0000023b29f391b0, 0x0000023b29f37000,
0x0000023b29f37e70, 0x0000023b29f38340, 0x0000023b297c5ff0, 0x0000023b297c6e60,
0x0000023b297c2b00, 0x0000023b297c8670, 0x0000023b297c7330, 0x0000023b297c6990,
0x0000023b297c2160, 0x0000023b297c2fd0, 0x0000023b297c7800, 0x0000023b297c34a0,
0x0000023b297c8b40, 0x0000023b297c9010, 0x0000023b297c47e0, 0x0000023b297c7cd0,
0x0000023b297c81a0, 0x0000023b297c94e0, 0x0000023b297c4310, 0x0000023b297c3970,
0x0000023b297c5180, 0x0000023b297c5b20, 0x0000023b2bd4b290, 0x0000023b2bd4b760,
0x0000023b2bd4c5d0, 0x0000023b2bd490e0, 0x0000023b2bd4c100, 0x0000023b2bd4bc30,
0x0000023b2bd495b0, 0x0000023b2bd4adc0, 0x0000023b2bd49a80, 0x0000023b2bd49f50,
0x0000023b2bd4a8f0, 0x0000023b2bd4a420, 0x0000023b29aefbd0, 0x0000023b29af0a40,
0x0000023b29aee3c0, 0x0000023b29aed550, 0x0000023b29aebd40, 0x0000023b29aec210,
0x0000023b29aecbb0, 0x0000023b29aeb3a0, 0x0000023b29aedef0, 0x0000023b29af0f10,
0x0000023b29af13e0, 0x0000023b29aea530, 0x0000023b29af0570, 0x0000023b29aec6e0,
0x0000023b29aed080, 0x0000023b29aef700, 0x0000023b29af00a0, 0x0000023b29aeb870,
0x0000023b29ae9b90, 0x0000023b29aea060, 0x0000023b29aee890, 0x0000023b29aeaa00,
0x0000023b29aeda20, 0x0000023b29aeaed0, 0x0000023b29aeed60, 0x0000023b29aef230,
0x0000023b2d3f8710, 0x0000023b2d3f90b0, 0x0000023b2d3fc0d0, 0x0000023b2d3f6090,
0x0000023b2d3f4d50, 0x0000023b2d3f5bc0, 0x0000023b2d3fa3f0, 0x0000023b2d3f73d0,
0x0000023b2d3f9a50, 0x0000023b2d3f5220, 0x0000023b2d3f8be0, 0x0000023b2d3f9580,
0x0000023b2d3f9f20, 0x0000023b2d3fa8c0, 0x0000023b2d3f6560, 0x0000023b2d3fad90,
0x0000023b2d3f56f0, 0x0000023b2d3fb260, 0x0000023b2d3fb730, 0x0000023b2d3fc5a0,
0x0000023b2d3fbc00, 0x0000023b2d3f8240, 0x0000023b2d3f6f00, 0x0000023b2d3f6a30,
0x0000023b2d3f78a0, 0x0000023b2d3f7d70, 0x0000023b2d817280, 0x0000023b2d8150d0,
0x0000023b2d813d90, 0x0000023b2d814730, 0x0000023b2d815a70, 0x0000023b2d8155a0,
0x0000023b2d815f40, 0x0000023b2d81a2a0, 0x0000023b2d816410, 0x0000023b2d816db0,
0x0000023b2d81a770, 0x0000023b2d817750, 0x0000023b2d8133f0, 0x0000023b2d812f20,
0x0000023b2d8168e0, 0x0000023b2d8180f0, 0x0000023b2d818f60, 0x0000023b2d817c20,
0x0000023b2d8138c0, 0x0000023b2d814260, 0x0000023b2d8185c0, 0x0000023b2d814c00,
0x0000023b2d818a90, 0x0000023b2d819430, 0x0000023b2d819900, 0x0000023b2d819dd0,
0x0000023b2fc749e0, 0x0000023b2fc74eb0, 0x0000023b2fc73b70, 0x0000023b2fc731d0,
0x0000023b2fc75380, 0x0000023b2fc766c0, 0x0000023b2fc74040, 0x0000023b2fc76b90,
0x0000023b2fc75d20, 0x0000023b2fc79bb0, 0x0000023b2fc7a080, 0x0000023b2fc77060,
0x0000023b2fc77a00, 0x0000023b2fc75850, 0x0000023b2fc761f0, 0x0000023b2fc7a550,
0x0000023b2fc783a0, 0x0000023b2fc77530, 0x0000023b2fc77ed0, 0x0000023b2fc7aa20,
0x0000023b2fc78870, 0x0000023b2fc74510, 0x0000023b2fc736a0, 0x0000023b2fc78d40,
0x0000023b2fc79210, 0x0000023b2fc796e0, 0x0000023b2b864360, 0x0000023b2b86a3a0,
0x0000023b2b863020, 0x0000023b2b867d20, 0x0000023b2b867850, 0x0000023b2b8681f0,
0x0000023b2b868b90, 0x0000023b2b864d00, 0x0000023b2b86a870, 0x0000023b2b869a00,
0x0000023b2b8651d0, 0x0000023b2b8656a0, 0x0000023b2b869ed0, 0x0000023b2b869060,
0x0000023b2b866040, 0x0000023b2b8634f0
}

Java Threads: ( => current thread )
  0x0000023b0dd8a330 JavaThread "main" [_thread_blocked, id=20072, stack(0x000000659ba00000,0x000000659bb00000)]
  0x0000023b2802b710 JavaThread "Reference Handler" daemon [_thread_blocked, id=22152, stack(0x000000659c100000,0x000000659c200000)]
  0x0000023b2802d590 JavaThread "Finalizer" daemon [_thread_blocked, id=6824, stack(0x000000659c200000,0x000000659c300000)]
  0x0000023b28c332a0 JavaThread "Signal Dispatcher" daemon [_thread_blocked, id=9488, stack(0x000000659c300000,0x000000659c400000)]
  0x0000023b28c42fa0 JavaThread "Attach Listener" daemon [_thread_blocked, id=17380, stack(0x000000659c400000,0x000000659c500000)]
  0x0000023b28c45970 JavaThread "Service Thread" daemon [_thread_blocked, id=2748, stack(0x000000659c500000,0x000000659c600000)]
  0x0000023b28c46320 JavaThread "Monitor Deflation Thread" daemon [_thread_blocked, id=9708, stack(0x000000659c600000,0x000000659c700000)]
=>0x0000023b28c470b0 JavaThread "C2 CompilerThread0" daemon [_thread_in_native, id=3900, stack(0x000000659c700000,0x000000659c800000)]
  0x0000023b28c53460 JavaThread "C1 CompilerThread0" daemon [_thread_blocked, id=16320, stack(0x000000659c800000,0x000000659c900000)]
  0x0000023b28c55e60 JavaThread "Sweeper thread" daemon [_thread_blocked, id=5736, stack(0x000000659c900000,0x000000659ca00000)]
  0x0000023b28dcb030 JavaThread "Common-Cleaner" daemon [_thread_blocked, id=16988, stack(0x000000659ca00000,0x000000659cb00000)]
  0x0000023b28dcf510 JavaThread "Notification Thread" daemon [_thread_blocked, id=23444, stack(0x000000659cb00000,0x000000659cc00000)]
  0x0000023b2a5e8cc0 JavaThread "Daemon health stats" [_thread_blocked, id=21768, stack(0x000000659d100000,0x000000659d200000)]
  0x0000023b2a4cd080 JavaThread "Incoming local TCP Connector on port 59726" [_thread_in_native, id=11336, stack(0x000000659d200000,0x000000659d300000)]
  0x0000023b2a3dc480 JavaThread "Daemon periodic checks" [_thread_blocked, id=3140, stack(0x000000659d300000,0x000000659d400000)]
  0x0000023b2a328510 JavaThread "Daemon" [_thread_blocked, id=7476, stack(0x000000659d400000,0x000000659d500000)]
  0x0000023b2a3289e0 JavaThread "Handler for socket connection from /127.0.0.1:59726 to /127.0.0.1:59727" [_thread_in_native, id=22680, stack(0x000000659d500000,0x000000659d600000)]
  0x0000023b2a328eb0 JavaThread "Cancel handler" [_thread_blocked, id=12664, stack(0x000000659d600000,0x000000659d700000)]
  0x0000023b2b0a1440 JavaThread "Daemon worker" [_thread_blocked, id=11192, stack(0x000000659d700000,0x000000659d800000)]
  0x0000023b29f38810 JavaThread "Asynchronous log dispatcher for DefaultDaemonConnection: socket connection from /127.0.0.1:59726 to /127.0.0.1:59727" [_thread_blocked, id=16764, stack(0x000000659d800000,0x000000659d900000)]
  0x0000023b29f36190 JavaThread "Stdin handler" [_thread_blocked, id=10896, stack(0x000000659d900000,0x000000659da00000)]
  0x0000023b29f36b30 JavaThread "Daemon client event forwarder" [_thread_blocked, id=19860, stack(0x000000659da00000,0x000000659db00000)]
  0x0000023b29f39b50 JavaThread "Cache worker for journal cache (C:\Android\sdk\caches\journal-1)" [_thread_blocked, id=2656, stack(0x000000659e200000,0x000000659e300000)]
  0x0000023b29f38ce0 JavaThread "File lock request listener" [_thread_in_native, id=11084, stack(0x000000659e300000,0x000000659e400000)]
  0x0000023b29f374d0 JavaThread "Cache worker for file hash cache (C:\Android\sdk\caches\8.0\fileHashes)" [_thread_blocked, id=23428, stack(0x000000659e400000,0x000000659e500000)]
  0x0000023b29f36660 JavaThread "Cache worker for file hash cache (C:\Source Code\Android\Store\.gradle\8.0\fileHashes)" [_thread_blocked, id=14760, stack(0x000000659e500000,0x000000659e600000)]
  0x0000023b29f391b0 JavaThread "Cache worker for file content cache (C:\Android\sdk\caches\8.0\fileContent)" [_thread_blocked, id=16440, stack(0x000000659e600000,0x000000659e700000)]
  0x0000023b29f37000 JavaThread "Cache worker for checksums cache (C:\Source Code\Android\Store\.gradle\8.0\checksums)" [_thread_blocked, id=11940, stack(0x000000659e700000,0x000000659e800000)]
  0x0000023b29f37e70 JavaThread "File watcher server" daemon [_thread_in_native, id=10892, stack(0x000000659e800000,0x000000659e900000)]
  0x0000023b29f38340 JavaThread "File watcher consumer" daemon [_thread_blocked, id=21700, stack(0x000000659e900000,0x000000659ea00000)]
  0x0000023b297c5ff0 JavaThread "Cache worker for cache directory md-rule (C:\Android\sdk\caches\8.0\md-rule)" [_thread_blocked, id=8160, stack(0x000000659ea00000,0x000000659eb00000)]
  0x0000023b297c6e60 JavaThread "Cache worker for cache directory md-supplier (C:\Android\sdk\caches\8.0\md-supplier)" [_thread_blocked, id=5576, stack(0x000000659eb00000,0x000000659ec00000)]
  0x0000023b297c2b00 JavaThread "Cache worker for execution history cache (C:\Android\sdk\caches\8.0\executionHistory)" [_thread_blocked, id=16368, stack(0x000000659ec00000,0x000000659ed00000)]
  0x0000023b297c8670 JavaThread "build event listener" [_thread_blocked, id=5832, stack(0x000000659ed00000,0x000000659ee00000)]
  0x0000023b297c7330 JavaThread "Cache worker for Build Output Cleanup Cache (C:\Source Code\Android\Store\.gradle\buildOutputCleanup)" [_thread_blocked, id=23684, stack(0x000000659ee00000,0x000000659ef00000)]
  0x0000023b297c6990 JavaThread "Memory manager" [_thread_blocked, id=13900, stack(0x000000659ef00000,0x000000659f000000)]
  0x0000023b297c2160 JavaThread "included builds" [_thread_blocked, id=16260, stack(0x000000659f000000,0x000000659f100000)]
  0x0000023b297c2fd0 JavaThread "Execution worker" [_thread_blocked, id=22548, stack(0x000000659f100000,0x000000659f200000)]
  0x0000023b297c7800 JavaThread "Execution worker Thread 2" [_thread_blocked, id=9800, stack(0x000000659f200000,0x000000659f300000)]
  0x0000023b297c34a0 JavaThread "Execution worker Thread 3" [_thread_blocked, id=2868, stack(0x000000659f300000,0x000000659f400000)]
  0x0000023b297c8b40 JavaThread "Execution worker Thread 4" [_thread_blocked, id=10220, stack(0x000000659f400000,0x000000659f500000)]
  0x0000023b297c9010 JavaThread "Execution worker Thread 5" [_thread_blocked, id=14528, stack(0x000000659f500000,0x000000659f600000)]
  0x0000023b297c47e0 JavaThread "Execution worker Thread 6" [_thread_blocked, id=3524, stack(0x000000659f600000,0x000000659f700000)]
  0x0000023b297c7cd0 JavaThread "Execution worker Thread 7" [_thread_blocked, id=3512, stack(0x000000659f700000,0x000000659f800000)]
  0x0000023b297c81a0 JavaThread "Execution worker Thread 8" [_thread_blocked, id=20968, stack(0x000000659f800000,0x000000659f900000)]
  0x0000023b297c94e0 JavaThread "Execution worker Thread 9" [_thread_in_native, id=13512, stack(0x000000659f900000,0x000000659fa00000)]
  0x0000023b297c4310 JavaThread "Execution worker Thread 10" [_thread_blocked, id=11520, stack(0x000000659fa00000,0x000000659fb00000)]
  0x0000023b297c3970 JavaThread "Execution worker Thread 11" [_thread_blocked, id=22260, stack(0x000000659fb00000,0x000000659fc00000)]
  0x0000023b297c5180 JavaThread "Cache worker for execution history cache (C:\Source Code\Android\Store\.gradle\8.0\executionHistory)" [_thread_blocked, id=22580, stack(0x000000659fc00000,0x000000659fd00000)]
  0x0000023b297c5b20 JavaThread "Unconstrained build operations" [_thread_blocked, id=3788, stack(0x000000659fd00000,0x000000659fe00000)]
  0x0000023b2bd4b290 JavaThread "Unconstrained build operations Thread 2" [_thread_blocked, id=9036, stack(0x000000659fe00000,0x000000659ff00000)]
  0x0000023b2bd4b760 JavaThread "Unconstrained build operations Thread 3" [_thread_blocked, id=16644, stack(0x000000659ff00000,0x00000065a0000000)]
  0x0000023b2bd4c5d0 JavaThread "Unconstrained build operations Thread 4" [_thread_blocked, id=22736, stack(0x00000065a0000000,0x00000065a0100000)]
  0x0000023b2bd490e0 JavaThread "Unconstrained build operations Thread 5" [_thread_blocked, id=20100, stack(0x00000065a0100000,0x00000065a0200000)]
  0x0000023b2bd4c100 JavaThread "Unconstrained build operations Thread 6" [_thread_blocked, id=16084, stack(0x00000065a0200000,0x00000065a0300000)]
  0x0000023b2bd4bc30 JavaThread "Unconstrained build operations Thread 7" [_thread_blocked, id=336, stack(0x00000065a0300000,0x00000065a0400000)]
  0x0000023b2bd495b0 JavaThread "Unconstrained build operations Thread 8" [_thread_blocked, id=10936, stack(0x00000065a0400000,0x00000065a0500000)]
  0x0000023b2bd4adc0 JavaThread "Unconstrained build operations Thread 9" [_thread_blocked, id=23668, stack(0x00000065a0500000,0x00000065a0600000)]
  0x0000023b2bd49a80 JavaThread "Unconstrained build operations Thread 10" [_thread_blocked, id=19548, stack(0x00000065a0600000,0x00000065a0700000)]
  0x0000023b2bd49f50 JavaThread "Unconstrained build operations Thread 11" [_thread_blocked, id=23504, stack(0x00000065a0700000,0x00000065a0800000)]
  0x0000023b2bd4a8f0 JavaThread "Unconstrained build operations Thread 12" [_thread_blocked, id=24336, stack(0x00000065a0800000,0x00000065a0900000)]
  0x0000023b2bd4a420 JavaThread "Unconstrained build operations Thread 13" [_thread_blocked, id=9624, stack(0x00000065a0900000,0x00000065a0a00000)]
  0x0000023b29aefbd0 JavaThread "Unconstrained build operations Thread 14" [_thread_blocked, id=1408, stack(0x00000065a0a00000,0x00000065a0b00000)]
  0x0000023b29af0a40 JavaThread "Unconstrained build operations Thread 15" [_thread_blocked, id=10424, stack(0x00000065a0b00000,0x00000065a0c00000)]
  0x0000023b29aee3c0 JavaThread "Unconstrained build operations Thread 16" [_thread_blocked, id=8276, stack(0x00000065a0c00000,0x00000065a0d00000)]
  0x0000023b29aed550 JavaThread "Unconstrained build operations Thread 17" [_thread_blocked, id=4012, stack(0x00000065a0d00000,0x00000065a0e00000)]
  0x0000023b29aebd40 JavaThread "Unconstrained build operations Thread 18" [_thread_blocked, id=5148, stack(0x00000065a0e00000,0x00000065a0f00000)]
  0x0000023b29aec210 JavaThread "Unconstrained build operations Thread 19" [_thread_blocked, id=8072, stack(0x00000065a0f00000,0x00000065a1000000)]
  0x0000023b29aecbb0 JavaThread "Unconstrained build operations Thread 20" [_thread_blocked, id=16268, stack(0x00000065a1000000,0x00000065a1100000)]
  0x0000023b29aeb3a0 JavaThread "Unconstrained build operations Thread 21" [_thread_blocked, id=20664, stack(0x00000065a1100000,0x00000065a1200000)]
  0x0000023b29aedef0 JavaThread "Unconstrained build operations Thread 22" [_thread_blocked, id=23424, stack(0x00000065a1200000,0x00000065a1300000)]
  0x0000023b29af0f10 JavaThread "Unconstrained build operations Thread 23" [_thread_blocked, id=14544, stack(0x00000065a1300000,0x00000065a1400000)]
  0x0000023b29af13e0 JavaThread "Unconstrained build operations Thread 24" [_thread_blocked, id=19324, stack(0x00000065a1400000,0x00000065a1500000)]
  0x0000023b29aea530 JavaThread "Unconstrained build operations Thread 25" [_thread_blocked, id=23384, stack(0x00000065a1500000,0x00000065a1600000)]
  0x0000023b29af0570 JavaThread "Unconstrained build operations Thread 26" [_thread_blocked, id=688, stack(0x00000065a1600000,0x00000065a1700000)]
  0x0000023b29aec6e0 JavaThread "Unconstrained build operations Thread 27" [_thread_blocked, id=5856, stack(0x00000065a1700000,0x00000065a1800000)]
  0x0000023b29aed080 JavaThread "Unconstrained build operations Thread 28" [_thread_blocked, id=18412, stack(0x00000065a1800000,0x00000065a1900000)]
  0x0000023b29aef700 JavaThread "Unconstrained build operations Thread 29" [_thread_blocked, id=23272, stack(0x00000065a1900000,0x00000065a1a00000)]
  0x0000023b29af00a0 JavaThread "Unconstrained build operations Thread 30" [_thread_blocked, id=20864, stack(0x00000065a1a00000,0x00000065a1b00000)]
  0x0000023b29aeb870 JavaThread "Unconstrained build operations Thread 32" [_thread_blocked, id=3080, stack(0x00000065a1b00000,0x00000065a1c00000)]
  0x0000023b29ae9b90 JavaThread "Unconstrained build operations Thread 31" [_thread_blocked, id=3268, stack(0x00000065a1c00000,0x00000065a1d00000)]
  0x0000023b29aea060 JavaThread "Unconstrained build operations Thread 34" [_thread_blocked, id=15632, stack(0x00000065a1d00000,0x00000065a1e00000)]
  0x0000023b29aee890 JavaThread "Unconstrained build operations Thread 33" [_thread_blocked, id=17144, stack(0x00000065a1e00000,0x00000065a1f00000)]
  0x0000023b29aeaa00 JavaThread "Unconstrained build operations Thread 35" [_thread_blocked, id=10784, stack(0x00000065a1f00000,0x00000065a2000000)]
  0x0000023b29aeda20 JavaThread "Unconstrained build operations Thread 36" [_thread_blocked, id=12644, stack(0x00000065a2000000,0x00000065a2100000)]
  0x0000023b29aeaed0 JavaThread "Unconstrained build operations Thread 38" [_thread_blocked, id=1208, stack(0x00000065a2100000,0x00000065a2200000)]
  0x0000023b29aeed60 JavaThread "Unconstrained build operations Thread 37" [_thread_blocked, id=22576, stack(0x00000065a2200000,0x00000065a2300000)]
  0x0000023b29aef230 JavaThread "Unconstrained build operations Thread 39" [_thread_blocked, id=6804, stack(0x00000065a2300000,0x00000065a2400000)]
  0x0000023b2d3f8710 JavaThread "Unconstrained build operations Thread 40" [_thread_blocked, id=15620, stack(0x00000065a2400000,0x00000065a2500000)]
  0x0000023b2d3f90b0 JavaThread "Unconstrained build operations Thread 42" [_thread_blocked, id=3316, stack(0x00000065a2500000,0x00000065a2600000)]
  0x0000023b2d3fc0d0 JavaThread "Unconstrained build operations Thread 41" [_thread_blocked, id=5956, stack(0x00000065a2600000,0x00000065a2700000)]
  0x0000023b2d3f6090 JavaThread "Unconstrained build operations Thread 43" [_thread_blocked, id=14844, stack(0x00000065a2700000,0x00000065a2800000)]
  0x0000023b2d3f4d50 JavaThread "Unconstrained build operations Thread 44" [_thread_blocked, id=676, stack(0x00000065a2800000,0x00000065a2900000)]
  0x0000023b2d3f5bc0 JavaThread "Unconstrained build operations Thread 45" [_thread_blocked, id=14524, stack(0x00000065a2900000,0x00000065a2a00000)]
  0x0000023b2d3fa3f0 JavaThread "Unconstrained build operations Thread 46" [_thread_blocked, id=5128, stack(0x00000065a2a00000,0x00000065a2b00000)]
  0x0000023b2d3f73d0 JavaThread "Unconstrained build operations Thread 47" [_thread_blocked, id=16544, stack(0x00000065a2b00000,0x00000065a2c00000)]
  0x0000023b2d3f9a50 JavaThread "Unconstrained build operations Thread 48" [_thread_blocked, id=24428, stack(0x00000065a2c00000,0x00000065a2d00000)]
  0x0000023b2d3f5220 JavaThread "Unconstrained build operations Thread 49" [_thread_blocked, id=5364, stack(0x00000065a2d00000,0x00000065a2e00000)]
  0x0000023b2d3f8be0 JavaThread "Unconstrained build operations Thread 50" [_thread_blocked, id=17204, stack(0x00000065a2e00000,0x00000065a2f00000)]
  0x0000023b2d3f9580 JavaThread "Unconstrained build operations Thread 51" [_thread_blocked, id=20832, stack(0x00000065a2f00000,0x00000065a3000000)]
  0x0000023b2d3f9f20 JavaThread "Unconstrained build operations Thread 52" [_thread_blocked, id=22612, stack(0x00000065a3000000,0x00000065a3100000)]
  0x0000023b2d3fa8c0 JavaThread "Unconstrained build operations Thread 53" [_thread_blocked, id=24568, stack(0x00000065a3100000,0x00000065a3200000)]
  0x0000023b2d3f6560 JavaThread "Unconstrained build operations Thread 54" [_thread_blocked, id=20296, stack(0x00000065a3200000,0x00000065a3300000)]
  0x0000023b2d3fad90 JavaThread "Unconstrained build operations Thread 55" [_thread_blocked, id=23976, stack(0x00000065a3300000,0x00000065a3400000)]
  0x0000023b2d3f56f0 JavaThread "Unconstrained build operations Thread 56" [_thread_blocked, id=5152, stack(0x00000065a3400000,0x00000065a3500000)]
  0x0000023b2d3fb260 JavaThread "Unconstrained build operations Thread 57" [_thread_blocked, id=8364, stack(0x00000065a3500000,0x00000065a3600000)]
  0x0000023b2d3fb730 JavaThread "Unconstrained build operations Thread 58" [_thread_blocked, id=19856, stack(0x00000065a3600000,0x00000065a3700000)]
  0x0000023b2d3fc5a0 JavaThread "Unconstrained build operations Thread 60" [_thread_blocked, id=14696, stack(0x00000065a3700000,0x00000065a3800000)]
  0x0000023b2d3fbc00 JavaThread "Unconstrained build operations Thread 62" [_thread_blocked, id=22476, stack(0x00000065a3800000,0x00000065a3900000)]
  0x0000023b2d3f8240 JavaThread "Unconstrained build operations Thread 59" [_thread_blocked, id=23836, stack(0x00000065a3900000,0x00000065a3a00000)]
  0x0000023b2d3f6f00 JavaThread "Unconstrained build operations Thread 63" [_thread_blocked, id=22640, stack(0x00000065a3a00000,0x00000065a3b00000)]
  0x0000023b2d3f6a30 JavaThread "Unconstrained build operations Thread 64" [_thread_blocked, id=1480, stack(0x00000065a3b00000,0x00000065a3c00000)]
  0x0000023b2d3f78a0 JavaThread "Unconstrained build operations Thread 61" [_thread_blocked, id=17904, stack(0x00000065a3c00000,0x00000065a3d00000)]
  0x0000023b2d3f7d70 JavaThread "Unconstrained build operations Thread 65" [_thread_blocked, id=12100, stack(0x00000065a3d00000,0x00000065a3e00000)]
  0x0000023b2d817280 JavaThread "Unconstrained build operations Thread 70" [_thread_blocked, id=19976, stack(0x00000065a3e00000,0x00000065a3f00000)]
  0x0000023b2d8150d0 JavaThread "Unconstrained build operations Thread 69" [_thread_blocked, id=18352, stack(0x00000065a3f00000,0x00000065a4000000)]
  0x0000023b2d813d90 JavaThread "Unconstrained build operations Thread 66" [_thread_blocked, id=23952, stack(0x00000065a4000000,0x00000065a4100000)]
  0x0000023b2d814730 JavaThread "Unconstrained build operations Thread 67" [_thread_blocked, id=14472, stack(0x00000065a4100000,0x00000065a4200000)]
  0x0000023b2d815a70 JavaThread "Unconstrained build operations Thread 68" [_thread_blocked, id=16508, stack(0x00000065a4200000,0x00000065a4300000)]
  0x0000023b2d8155a0 JavaThread "Unconstrained build operations Thread 71" [_thread_blocked, id=23728, stack(0x00000065a4300000,0x00000065a4400000)]
  0x0000023b2d815f40 JavaThread "Unconstrained build operations Thread 72" [_thread_blocked, id=9116, stack(0x00000065a4400000,0x00000065a4500000)]
  0x0000023b2d81a2a0 JavaThread "Unconstrained build operations Thread 73" [_thread_blocked, id=21816, stack(0x00000065a4500000,0x00000065a4600000)]
  0x0000023b2d816410 JavaThread "Unconstrained build operations Thread 74" [_thread_blocked, id=11736, stack(0x00000065a4600000,0x00000065a4700000)]
  0x0000023b2d816db0 JavaThread "Unconstrained build operations Thread 76" [_thread_blocked, id=11168, stack(0x00000065a4700000,0x00000065a4800000)]
  0x0000023b2d81a770 JavaThread "Unconstrained build operations Thread 75" [_thread_blocked, id=22392, stack(0x00000065a4800000,0x00000065a4900000)]
  0x0000023b2d817750 JavaThread "Unconstrained build operations Thread 77" [_thread_blocked, id=16568, stack(0x00000065a4900000,0x00000065a4a00000)]
  0x0000023b2d8133f0 JavaThread "Unconstrained build operations Thread 78" [_thread_blocked, id=13288, stack(0x00000065a4a00000,0x00000065a4b00000)]
  0x0000023b2d812f20 JavaThread "Unconstrained build operations Thread 79" [_thread_blocked, id=5444, stack(0x00000065a4b00000,0x00000065a4c00000)]
  0x0000023b2d8168e0 JavaThread "Unconstrained build operations Thread 81" [_thread_blocked, id=12324, stack(0x00000065a4c00000,0x00000065a4d00000)]
  0x0000023b2d8180f0 JavaThread "Unconstrained build operations Thread 80" [_thread_blocked, id=7904, stack(0x00000065a4d00000,0x00000065a4e00000)]
  0x0000023b2d818f60 JavaThread "Unconstrained build operations Thread 82" [_thread_blocked, id=15080, stack(0x00000065a4e00000,0x00000065a4f00000)]
  0x0000023b2d817c20 JavaThread "Unconstrained build operations Thread 83" [_thread_blocked, id=19704, stack(0x00000065a4f00000,0x00000065a5000000)]
  0x0000023b2d8138c0 JavaThread "Unconstrained build operations Thread 84" [_thread_blocked, id=11112, stack(0x00000065a5000000,0x00000065a5100000)]
  0x0000023b2d814260 JavaThread "Unconstrained build operations Thread 85" [_thread_blocked, id=4160, stack(0x00000065a5100000,0x00000065a5200000)]
  0x0000023b2d8185c0 JavaThread "Unconstrained build operations Thread 86" [_thread_blocked, id=21052, stack(0x00000065a5200000,0x00000065a5300000)]
  0x0000023b2d814c00 JavaThread "Unconstrained build operations Thread 87" [_thread_blocked, id=18252, stack(0x00000065a5300000,0x00000065a5400000)]
  0x0000023b2d818a90 JavaThread "Unconstrained build operations Thread 89" [_thread_blocked, id=22440, stack(0x00000065a5400000,0x00000065a5500000)]
  0x0000023b2d819430 JavaThread "Unconstrained build operations Thread 92" [_thread_blocked, id=19980, stack(0x00000065a5500000,0x00000065a5600000)]
  0x0000023b2d819900 JavaThread "Unconstrained build operations Thread 88" [_thread_blocked, id=24396, stack(0x00000065a5600000,0x00000065a5700000)]
  0x0000023b2d819dd0 JavaThread "Unconstrained build operations Thread 91" [_thread_blocked, id=5164, stack(0x00000065a5700000,0x00000065a5800000)]
  0x0000023b2fc749e0 JavaThread "Unconstrained build operations Thread 90" [_thread_blocked, id=12596, stack(0x00000065a5800000,0x00000065a5900000)]
  0x0000023b2fc74eb0 JavaThread "Unconstrained build operations Thread 93" [_thread_blocked, id=19152, stack(0x00000065a5900000,0x00000065a5a00000)]
  0x0000023b2fc73b70 JavaThread "Unconstrained build operations Thread 94" [_thread_blocked, id=14016, stack(0x00000065a5a00000,0x00000065a5b00000)]
  0x0000023b2fc731d0 JavaThread "Unconstrained build operations Thread 95" [_thread_blocked, id=10540, stack(0x00000065a5b00000,0x00000065a5c00000)]
  0x0000023b2fc75380 JavaThread "Unconstrained build operations Thread 96" [_thread_blocked, id=20300, stack(0x00000065a5c00000,0x00000065a5d00000)]
  0x0000023b2fc766c0 JavaThread "Unconstrained build operations Thread 97" [_thread_blocked, id=24212, stack(0x00000065a5d00000,0x00000065a5e00000)]
  0x0000023b2fc74040 JavaThread "Unconstrained build operations Thread 100" [_thread_blocked, id=7844, stack(0x00000065a5e00000,0x00000065a5f00000)]
  0x0000023b2fc76b90 JavaThread "Unconstrained build operations Thread 98" [_thread_blocked, id=11516, stack(0x00000065a5f00000,0x00000065a6000000)]
  0x0000023b2fc75d20 JavaThread "Unconstrained build operations Thread 99" [_thread_blocked, id=2420, stack(0x00000065a6000000,0x00000065a6100000)]
  0x0000023b2fc79bb0 JavaThread "Unconstrained build operations Thread 101" [_thread_blocked, id=15696, stack(0x00000065a6100000,0x00000065a6200000)]
  0x0000023b2fc7a080 JavaThread "Unconstrained build operations Thread 102" [_thread_blocked, id=15680, stack(0x00000065a6200000,0x00000065a6300000)]
  0x0000023b2fc77060 JavaThread "Unconstrained build operations Thread 103" [_thread_blocked, id=5944, stack(0x00000065a6300000,0x00000065a6400000)]
  0x0000023b2fc77a00 JavaThread "Unconstrained build operations Thread 104" [_thread_blocked, id=15768, stack(0x00000065a6400000,0x00000065a6500000)]
  0x0000023b2fc75850 JavaThread "Unconstrained build operations Thread 105" [_thread_blocked, id=14288, stack(0x00000065a6500000,0x00000065a6600000)]
  0x0000023b2fc761f0 JavaThread "Unconstrained build operations Thread 107" [_thread_blocked, id=6376, stack(0x00000065a6600000,0x00000065a6700000)]
  0x0000023b2fc7a550 JavaThread "Unconstrained build operations Thread 109" [_thread_blocked, id=22568, stack(0x00000065a6700000,0x00000065a6800000)]
  0x0000023b2fc783a0 JavaThread "Unconstrained build operations Thread 106" [_thread_blocked, id=15852, stack(0x00000065a6800000,0x00000065a6900000)]
  0x0000023b2fc77530 JavaThread "Unconstrained build operations Thread 108" [_thread_blocked, id=8640, stack(0x00000065a6900000,0x00000065a6a00000)]
  0x0000023b2fc77ed0 JavaThread "Unconstrained build operations Thread 110" [_thread_blocked, id=17156, stack(0x00000065a6a00000,0x00000065a6b00000)]
  0x0000023b2fc7aa20 JavaThread "Unconstrained build operations Thread 111" [_thread_blocked, id=19288, stack(0x00000065a6b00000,0x00000065a6c00000)]
  0x0000023b2fc78870 JavaThread "Unconstrained build operations Thread 112" [_thread_blocked, id=13724, stack(0x00000065a6c00000,0x00000065a6d00000)]
  0x0000023b2fc74510 JavaThread "Unconstrained build operations Thread 113" [_thread_blocked, id=12360, stack(0x00000065a6d00000,0x00000065a6e00000)]
  0x0000023b2fc736a0 JavaThread "Unconstrained build operations Thread 116" [_thread_blocked, id=16632, stack(0x00000065a6e00000,0x00000065a6f00000)]
  0x0000023b2fc78d40 JavaThread "Unconstrained build operations Thread 114" [_thread_blocked, id=7908, stack(0x00000065a6f00000,0x00000065a7000000)]
  0x0000023b2fc79210 JavaThread "Unconstrained build operations Thread 115" [_thread_blocked, id=6948, stack(0x00000065a7000000,0x00000065a7100000)]
  0x0000023b2fc796e0 JavaThread "Unconstrained build operations Thread 117" [_thread_blocked, id=24376, stack(0x00000065a7100000,0x00000065a7200000)]
  0x0000023b2b864360 JavaThread "Unconstrained build operations Thread 118" [_thread_blocked, id=15796, stack(0x00000065a7200000,0x00000065a7300000)]
  0x0000023b2b86a3a0 JavaThread "Unconstrained build operations Thread 119" [_thread_blocked, id=5036, stack(0x00000065a7300000,0x00000065a7400000)]
  0x0000023b2b863020 JavaThread "Unconstrained build operations Thread 120" [_thread_blocked, id=6248, stack(0x00000065a7400000,0x00000065a7500000)]
  0x0000023b2b867d20 JavaThread "Cache worker for Java compile cache (C:\Android\sdk\caches\8.0\javaCompile)" [_thread_blocked, id=21224, stack(0x00000065a7500000,0x00000065a7600000)]
  0x0000023b2b867850 JavaThread "Build operations" [_thread_blocked, id=24156, stack(0x00000065a7600000,0x00000065a7700000)]
  0x0000023b2b8681f0 JavaThread "Build operations Thread 2" [_thread_blocked, id=21412, stack(0x00000065a7700000,0x00000065a7800000)]
  0x0000023b2b868b90 JavaThread "Build operations Thread 3" [_thread_blocked, id=22980, stack(0x00000065a7800000,0x00000065a7900000)]
  0x0000023b2b864d00 JavaThread "Build operations Thread 4" [_thread_blocked, id=18624, stack(0x00000065a7900000,0x00000065a7a00000)]
  0x0000023b2b86a870 JavaThread "Build operations Thread 5" [_thread_blocked, id=5568, stack(0x00000065a7a00000,0x00000065a7b00000)]
  0x0000023b2b869a00 JavaThread "Build operations Thread 6" [_thread_blocked, id=23816, stack(0x00000065a7b00000,0x00000065a7c00000)]
  0x0000023b2b8651d0 JavaThread "Build operations Thread 7" [_thread_blocked, id=10072, stack(0x00000065a7c00000,0x00000065a7d00000)]
  0x0000023b2b8656a0 JavaThread "Build operations Thread 8" [_thread_blocked, id=21736, stack(0x00000065a7d00000,0x00000065a7e00000)]
  0x0000023b2b869ed0 JavaThread "Build operations Thread 9" [_thread_blocked, id=2832, stack(0x00000065a7e00000,0x00000065a7f00000)]
  0x0000023b2b869060 JavaThread "Build operations Thread 10" [_thread_blocked, id=5132, stack(0x00000065a7f00000,0x00000065a8000000)]
  0x0000023b2b866040 JavaThread "Build operations Thread 11" [_thread_blocked, id=24296, stack(0x00000065a8000000,0x00000065a8100000)]
  0x0000023b2b8634f0 JavaThread "Build operations Thread 12" [_thread_blocked, id=21552, stack(0x00000065a8100000,0x00000065a8200000)]

Other Threads:
  0x0000023b28028a00 VMThread "VM Thread" [stack: 0x000000659c000000,0x000000659c100000] [id=1804]
  0x0000023b0de10840 WatcherThread [stack: 0x000000659cc00000,0x000000659cd00000] [id=13904]
  0x0000023b0dde48a0 GCTaskThread "GC Thread#0" [stack: 0x000000659bb00000,0x000000659bc00000] [id=4464]
  0x0000023b299cb5a0 GCTaskThread "GC Thread#1" [stack: 0x000000659cd00000,0x000000659ce00000] [id=20704]
  0x0000023b29dcd590 GCTaskThread "GC Thread#2" [stack: 0x000000659ce00000,0x000000659cf00000] [id=17724]
  0x0000023b29b2f360 GCTaskThread "GC Thread#3" [stack: 0x000000659cf00000,0x000000659d000000] [id=15736]
  0x0000023b2a54d8b0 GCTaskThread "GC Thread#4" [stack: 0x000000659d000000,0x000000659d100000] [id=11624]
  0x0000023b2b327390 GCTaskThread "GC Thread#5" [stack: 0x000000659db00000,0x000000659dc00000] [id=4792]
  0x0000023b2b327640 GCTaskThread "GC Thread#6" [stack: 0x000000659dc00000,0x000000659dd00000] [id=18040]
  0x0000023b2b3278f0 GCTaskThread "GC Thread#7" [stack: 0x000000659dd00000,0x000000659de00000] [id=18632]
  0x0000023b2b327ba0 GCTaskThread "GC Thread#8" [stack: 0x000000659de00000,0x000000659df00000] [id=1180]
  0x0000023b2b12a1e0 GCTaskThread "GC Thread#9" [stack: 0x000000659df00000,0x000000659e000000] [id=3508]
  0x0000023b0ddf67f0 ConcurrentGCThread "G1 Main Marker" [stack: 0x000000659bc00000,0x000000659bd00000] [id=17520]
  0x0000023b0ddf79a0 ConcurrentGCThread "G1 Conc#0" [stack: 0x000000659bd00000,0x000000659be00000] [id=21696]
  0x0000023b2b2879c0 ConcurrentGCThread "G1 Conc#1" [stack: 0x000000659e000000,0x000000659e100000] [id=10824]
  0x0000023b2a7c9bb0 ConcurrentGCThread "G1 Conc#2" [stack: 0x000000659e100000,0x000000659e200000] [id=1236]
  0x0000023b27e824d0 ConcurrentGCThread "G1 Refine#0" [stack: 0x000000659be00000,0x000000659bf00000] [id=12196]
  0x0000023b27e82ef0 ConcurrentGCThread "G1 Service" [stack: 0x000000659bf00000,0x000000659c000000] [id=11088]

Threads with active compile tasks:
C2 CompilerThread0    18429 8475       4       org.gradle.api.internal.tasks.compile.incremental.serialization.HierarchicalNameSerializer::readName (51 bytes)

VM state: not at safepoint (normal execution)

VM Mutex/Monitor currently owned by a thread: None

Heap address: 0x0000000080000000, size: 2048 MB, Compressed Oops mode: 32-bit

CDS archive(s) not mapped
Compressed class space mapped at: 0x0000000100000000-0x0000000140000000, reserved size: 1073741824
Narrow klass base: 0x0000000000000000, Narrow klass shift: 3, Narrow klass range: 0x140000000

GC Precious Log:
 CPUs: 12 total, 12 available
 Memory: 8042M
 Large Page Support: Disabled
 NUMA Support: Disabled
 Compressed Oops: Enabled (32-bit)
 Heap Region Size: 1M
 Heap Min Capacity: 8M
 Heap Initial Capacity: 126M
 Heap Max Capacity: 2G
 Pre-touch: Disabled
 Parallel Workers: 10
 Concurrent Workers: 3
 Concurrent Refinement Workers: 10
 Periodic GC: Disabled

Heap:
 garbage-first heap   total 135168K, used 84609K [0x0000000080000000, 0x0000000100000000)
  region size 1024K, 27 young (27648K), 7 survivors (7168K)
 Metaspace       used 68147K, committed 68800K, reserved 1114112K
  class space    used 9197K, committed 9536K, reserved 1048576K

Heap Regions: E=young(eden), S=young(survivor), O=old, HS=humongous(starts), HC=humongous(continues), CS=collection set, F=free, OA=open archive, CA=closed archive, TAMS=top-at-mark-start (previous, next)
|   0|0x0000000080000000, 0x0000000080100000, 0x0000000080100000|100%|HS|  |TAMS 0x0000000080100000, 0x0000000080000000| Complete 
|   1|0x0000000080100000, 0x0000000080200000, 0x0000000080200000|100%|HC|  |TAMS 0x0000000080200000, 0x0000000080100000| Complete 
|   2|0x0000000080200000, 0x0000000080300000, 0x0000000080300000|100%|HC|  |TAMS 0x0000000080300000, 0x0000000080200000| Complete 
|   3|0x0000000080300000, 0x0000000080400000, 0x0000000080400000|100%|HC|  |TAMS 0x0000000080400000, 0x0000000080300000| Complete 
|   4|0x0000000080400000, 0x0000000080500000, 0x0000000080500000|100%| O|  |TAMS 0x0000000080500000, 0x0000000080400000| Untracked 
|   5|0x0000000080500000, 0x0000000080600000, 0x0000000080600000|100%| O|  |TAMS 0x0000000080600000, 0x0000000080500000| Untracked 
|   6|0x0000000080600000, 0x0000000080700000, 0x0000000080700000|100%| O|  |TAMS 0x0000000080700000, 0x0000000080600000| Untracked 
|   7|0x0000000080700000, 0x0000000080800000, 0x0000000080800000|100%| O|  |TAMS 0x0000000080800000, 0x0000000080700000| Untracked 
|   8|0x0000000080800000, 0x0000000080900000, 0x0000000080900000|100%| O|  |TAMS 0x0000000080900000, 0x0000000080800000| Untracked 
|   9|0x0000000080900000, 0x0000000080a00000, 0x0000000080a00000|100%| O|  |TAMS 0x0000000080a00000, 0x0000000080900000| Untracked 
|  10|0x0000000080a00000, 0x0000000080b00000, 0x0000000080b00000|100%| O|  |TAMS 0x0000000080b00000, 0x0000000080a00000| Untracked 
|  11|0x0000000080b00000, 0x0000000080c00000, 0x0000000080c00000|100%| O|  |TAMS 0x0000000080c00000, 0x0000000080b00000| Untracked 
|  12|0x0000000080c00000, 0x0000000080d00000, 0x0000000080d00000|100%| O|  |TAMS 0x0000000080d00000, 0x0000000080c00000| Untracked 
|  13|0x0000000080d00000, 0x0000000080e00000, 0x0000000080e00000|100%| O|  |TAMS 0x0000000080e00000, 0x0000000080d00000| Untracked 
|  14|0x0000000080e00000, 0x0000000080f00000, 0x0000000080f00000|100%| O|  |TAMS 0x0000000080f00000, 0x0000000080e00000| Untracked 
|  15|0x0000000080f00000, 0x0000000081000000, 0x0000000081000000|100%| O|  |TAMS 0x0000000081000000, 0x0000000080f00000| Untracked 
|  16|0x0000000081000000, 0x0000000081100000, 0x0000000081100000|100%| O|  |TAMS 0x0000000081100000, 0x0000000081000000| Untracked 
|  17|0x0000000081100000, 0x0000000081200000, 0x0000000081200000|100%| O|  |TAMS 0x0000000081200000, 0x0000000081100000| Untracked 
|  18|0x0000000081200000, 0x0000000081300000, 0x0000000081300000|100%| O|  |TAMS 0x0000000081300000, 0x0000000081200000| Untracked 
|  19|0x0000000081300000, 0x0000000081400000, 0x0000000081400000|100%|HS|  |TAMS 0x0000000081400000, 0x0000000081300000| Complete 
|  20|0x0000000081400000, 0x0000000081500000, 0x0000000081500000|100%|HS|  |TAMS 0x0000000081500000, 0x0000000081400000| Complete 
|  21|0x0000000081500000, 0x0000000081600000, 0x0000000081600000|100%|HS|  |TAMS 0x0000000081600000, 0x0000000081500000| Complete 
|  22|0x0000000081600000, 0x0000000081700000, 0x0000000081700000|100%| O|  |TAMS 0x0000000081700000, 0x0000000081600000| Untracked 
|  23|0x0000000081700000, 0x0000000081800000, 0x0000000081800000|100%| O|  |TAMS 0x0000000081800000, 0x0000000081700000| Untracked 
|  24|0x0000000081800000, 0x0000000081900000, 0x0000000081900000|100%| O|  |TAMS 0x0000000081900000, 0x0000000081800000| Untracked 
|  25|0x0000000081900000, 0x0000000081a00000, 0x0000000081a00000|100%| O|  |TAMS 0x0000000081a00000, 0x0000000081900000| Untracked 
|  26|0x0000000081a00000, 0x0000000081b00000, 0x0000000081b00000|100%| O|  |TAMS 0x0000000081b00000, 0x0000000081a00000| Untracked 
|  27|0x0000000081b00000, 0x0000000081c00000, 0x0000000081c00000|100%| O|  |TAMS 0x0000000081b00000, 0x0000000081b00000| Untracked 
|  28|0x0000000081c00000, 0x0000000081d00000, 0x0000000081d00000|100%| O|  |TAMS 0x0000000081c00000, 0x0000000081c00000| Untracked 
|  29|0x0000000081d00000, 0x0000000081e00000, 0x0000000081e00000|100%| O|  |TAMS 0x0000000081e00000, 0x0000000081d00000| Untracked 
|  30|0x0000000081e00000, 0x0000000081f00000, 0x0000000081f00000|100%| O|  |TAMS 0x0000000081f00000, 0x0000000081e00000| Untracked 
|  31|0x0000000081f00000, 0x0000000082000000, 0x0000000082000000|100%| O|  |TAMS 0x0000000082000000, 0x0000000081f00000| Untracked 
|  32|0x0000000082000000, 0x0000000082100000, 0x0000000082100000|100%| O|  |TAMS 0x0000000082100000, 0x0000000082000000| Untracked 
|  33|0x0000000082100000, 0x0000000082200000, 0x0000000082200000|100%| O|  |TAMS 0x0000000082200000, 0x0000000082100000| Untracked 
|  34|0x0000000082200000, 0x0000000082300000, 0x0000000082300000|100%| O|  |TAMS 0x0000000082300000, 0x0000000082200000| Untracked 
|  35|0x0000000082300000, 0x0000000082400000, 0x0000000082400000|100%| O|  |TAMS 0x0000000082400000, 0x0000000082300000| Untracked 
|  36|0x0000000082400000, 0x0000000082500000, 0x0000000082500000|100%| O|  |TAMS 0x0000000082500000, 0x0000000082400000| Untracked 
|  37|0x0000000082500000, 0x0000000082600000, 0x0000000082600000|100%| O|  |TAMS 0x0000000082600000, 0x0000000082500000| Untracked 
|  38|0x0000000082600000, 0x0000000082700000, 0x0000000082700000|100%| O|  |TAMS 0x0000000082700000, 0x0000000082600000| Untracked 
|  39|0x0000000082700000, 0x0000000082800000, 0x0000000082800000|100%| O|  |TAMS 0x0000000082800000, 0x0000000082700000| Untracked 
|  40|0x0000000082800000, 0x0000000082900000, 0x0000000082900000|100%| O|  |TAMS 0x0000000082900000, 0x0000000082800000| Untracked 
|  41|0x0000000082900000, 0x0000000082a00000, 0x0000000082a00000|100%| O|  |TAMS 0x0000000082a00000, 0x0000000082900000| Untracked 
|  42|0x0000000082a00000, 0x0000000082b00000, 0x0000000082b00000|100%| O|  |TAMS 0x0000000082b00000, 0x0000000082a00000| Untracked 
|  43|0x0000000082b00000, 0x0000000082c00000, 0x0000000082c00000|100%| O|  |TAMS 0x0000000082c00000, 0x0000000082b00000| Untracked 
|  44|0x0000000082c00000, 0x0000000082d00000, 0x0000000082d00000|100%| O|  |TAMS 0x0000000082d00000, 0x0000000082c00000| Untracked 
|  45|0x0000000082d00000, 0x0000000082e00000, 0x0000000082e00000|100%| O|  |TAMS 0x0000000082e00000, 0x0000000082d00000| Untracked 
|  46|0x0000000082e00000, 0x0000000082f00000, 0x0000000082f00000|100%| O|  |TAMS 0x0000000082f00000, 0x0000000082e00000| Untracked 
|  47|0x0000000082f00000, 0x0000000083000000, 0x0000000083000000|100%| O|  |TAMS 0x0000000083000000, 0x0000000082f00000| Untracked 
|  48|0x0000000083000000, 0x0000000083100000, 0x0000000083100000|100%| O|  |TAMS 0x00000000830c5200, 0x0000000083000000| Untracked 
|  49|0x0000000083100000, 0x0000000083200000, 0x0000000083200000|100%| O|  |TAMS 0x0000000083100000, 0x0000000083100000| Untracked 
|  50|0x0000000083200000, 0x0000000083300000, 0x0000000083300000|100%| O|  |TAMS 0x0000000083200000, 0x0000000083200000| Untracked 
|  51|0x0000000083300000, 0x0000000083400000, 0x0000000083400000|100%| O|  |TAMS 0x0000000083300000, 0x0000000083300000| Untracked 
|  52|0x0000000083400000, 0x0000000083500000, 0x0000000083500000|100%| O|  |TAMS 0x0000000083400000, 0x0000000083400000| Untracked 
|  53|0x0000000083500000, 0x0000000083600000, 0x0000000083600000|100%| O|  |TAMS 0x0000000083500000, 0x0000000083500000| Untracked 
|  54|0x0000000083600000, 0x0000000083700000, 0x0000000083700000|100%| O|  |TAMS 0x0000000083600000, 0x0000000083600000| Untracked 
|  55|0x0000000083700000, 0x0000000083700000, 0x0000000083800000|  0%| F|  |TAMS 0x0000000083700000, 0x0000000083700000| Untracked 
|  56|0x0000000083800000, 0x0000000083900000, 0x0000000083900000|100%| O|  |TAMS 0x0000000083800000, 0x0000000083800000| Untracked 
|  57|0x0000000083900000, 0x0000000083a00000, 0x0000000083a00000|100%| O|  |TAMS 0x0000000083900000, 0x0000000083900000| Untracked 
|  58|0x0000000083a00000, 0x0000000083aa0400, 0x0000000083b00000| 62%| O|  |TAMS 0x0000000083a00000, 0x0000000083a00000| Untracked 
|  59|0x0000000083b00000, 0x0000000083b00000, 0x0000000083c00000|  0%| F|  |TAMS 0x0000000083b00000, 0x0000000083b00000| Untracked 
|  60|0x0000000083c00000, 0x0000000083c00000, 0x0000000083d00000|  0%| F|  |TAMS 0x0000000083c00000, 0x0000000083c00000| Untracked 
|  61|0x0000000083d00000, 0x0000000083d00000, 0x0000000083e00000|  0%| F|  |TAMS 0x0000000083d00000, 0x0000000083d00000| Untracked 
|  62|0x0000000083e00000, 0x0000000083e00000, 0x0000000083f00000|  0%| F|  |TAMS 0x0000000083e00000, 0x0000000083e00000| Untracked 
|  63|0x0000000083f00000, 0x0000000083f00000, 0x0000000084000000|  0%| F|  |TAMS 0x0000000083f00000, 0x0000000083f00000| Untracked 
|  64|0x0000000084000000, 0x0000000084000000, 0x0000000084100000|  0%| F|  |TAMS 0x0000000084000000, 0x0000000084000000| Untracked 
|  65|0x0000000084100000, 0x0000000084100000, 0x0000000084200000|  0%| F|  |TAMS 0x0000000084100000, 0x0000000084100000| Untracked 
|  66|0x0000000084200000, 0x0000000084200000, 0x0000000084300000|  0%| F|  |TAMS 0x0000000084200000, 0x0000000084200000| Untracked 
|  67|0x0000000084300000, 0x0000000084300000, 0x0000000084400000|  0%| F|  |TAMS 0x0000000084300000, 0x0000000084300000| Untracked 
|  68|0x0000000084400000, 0x0000000084400000, 0x0000000084500000|  0%| F|  |TAMS 0x0000000084400000, 0x0000000084400000| Untracked 
|  69|0x0000000084500000, 0x0000000084500000, 0x0000000084600000|  0%| F|  |TAMS 0x0000000084500000, 0x0000000084500000| Untracked 
|  70|0x0000000084600000, 0x0000000084600000, 0x0000000084700000|  0%| F|  |TAMS 0x0000000084600000, 0x0000000084600000| Untracked 
|  71|0x0000000084700000, 0x0000000084700000, 0x0000000084800000|  0%| F|  |TAMS 0x0000000084700000, 0x0000000084700000| Untracked 
|  72|0x0000000084800000, 0x0000000084800000, 0x0000000084900000|  0%| F|  |TAMS 0x0000000084800000, 0x0000000084800000| Untracked 
|  73|0x0000000084900000, 0x0000000084a00000, 0x0000000084a00000|100%| S|CS|TAMS 0x0000000084900000, 0x0000000084900000| Complete 
|  74|0x0000000084a00000, 0x0000000084b00000, 0x0000000084b00000|100%| S|CS|TAMS 0x0000000084a00000, 0x0000000084a00000| Complete 
|  75|0x0000000084b00000, 0x0000000084c00000, 0x0000000084c00000|100%| S|CS|TAMS 0x0000000084b00000, 0x0000000084b00000| Complete 
|  76|0x0000000084c00000, 0x0000000084d00000, 0x0000000084d00000|100%| S|CS|TAMS 0x0000000084c00000, 0x0000000084c00000| Complete 
|  77|0x0000000084d00000, 0x0000000084d00000, 0x0000000084e00000|  0%| F|  |TAMS 0x0000000084d00000, 0x0000000084d00000| Untracked 
|  78|0x0000000084e00000, 0x0000000084e00000, 0x0000000084f00000|  0%| F|  |TAMS 0x0000000084e00000, 0x0000000084e00000| Untracked 
|  79|0x0000000084f00000, 0x0000000084f00000, 0x0000000085000000|  0%| F|  |TAMS 0x0000000084f00000, 0x0000000084f00000| Untracked 
|  80|0x0000000085000000, 0x0000000085100000, 0x0000000085100000|100%| S|CS|TAMS 0x0000000085000000, 0x0000000085000000| Complete 
|  81|0x0000000085100000, 0x0000000085100000, 0x0000000085200000|  0%| F|  |TAMS 0x0000000085100000, 0x0000000085100000| Untracked 
|  82|0x0000000085200000, 0x0000000085200000, 0x0000000085300000|  0%| F|  |TAMS 0x0000000085200000, 0x0000000085200000| Untracked 
|  83|0x0000000085300000, 0x0000000085300000, 0x0000000085400000|  0%| F|  |TAMS 0x0000000085300000, 0x0000000085300000| Untracked 
|  84|0x0000000085400000, 0x0000000085500000, 0x0000000085500000|100%| S|CS|TAMS 0x0000000085400000, 0x0000000085400000| Complete 
|  85|0x0000000085500000, 0x0000000085600000, 0x0000000085600000|100%| S|CS|TAMS 0x0000000085500000, 0x0000000085500000| Complete 
|  86|0x0000000085600000, 0x0000000085600000, 0x0000000085700000|  0%| F|  |TAMS 0x0000000085600000, 0x0000000085600000| Untracked 
|  87|0x0000000085700000, 0x0000000085700000, 0x0000000085800000|  0%| F|  |TAMS 0x0000000085700000, 0x0000000085700000| Untracked 
|  88|0x0000000085800000, 0x0000000085800000, 0x0000000085900000|  0%| F|  |TAMS 0x0000000085800000, 0x0000000085800000| Untracked 
|  89|0x0000000085900000, 0x0000000085900000, 0x0000000085a00000|  0%| F|  |TAMS 0x0000000085900000, 0x0000000085900000| Untracked 
|  90|0x0000000085a00000, 0x0000000085a00000, 0x0000000085b00000|  0%| F|  |TAMS 0x0000000085a00000, 0x0000000085a00000| Untracked 
|  91|0x0000000085b00000, 0x0000000085b00000, 0x0000000085c00000|  0%| F|  |TAMS 0x0000000085b00000, 0x0000000085b00000| Untracked 
|  92|0x0000000085c00000, 0x0000000085c00000, 0x0000000085d00000|  0%| F|  |TAMS 0x0000000085c00000, 0x0000000085c00000| Untracked 
|  93|0x0000000085d00000, 0x0000000085d00000, 0x0000000085e00000|  0%| F|  |TAMS 0x0000000085d00000, 0x0000000085d00000| Untracked 
|  94|0x0000000085e00000, 0x0000000085e00000, 0x0000000085f00000|  0%| F|  |TAMS 0x0000000085e00000, 0x0000000085e00000| Untracked 
|  95|0x0000000085f00000, 0x0000000085f00000, 0x0000000086000000|  0%| F|  |TAMS 0x0000000085f00000, 0x0000000085f00000| Untracked 
|  96|0x0000000086000000, 0x0000000086000000, 0x0000000086100000|  0%| F|  |TAMS 0x0000000086000000, 0x0000000086000000| Untracked 
|  97|0x0000000086100000, 0x0000000086100000, 0x0000000086200000|  0%| F|  |TAMS 0x0000000086100000, 0x0000000086100000| Untracked 
|  98|0x0000000086200000, 0x0000000086200000, 0x0000000086300000|  0%| F|  |TAMS 0x0000000086200000, 0x0000000086200000| Untracked 
|  99|0x0000000086300000, 0x0000000086300000, 0x0000000086400000|  0%| F|  |TAMS 0x0000000086300000, 0x0000000086300000| Untracked 
| 100|0x0000000086400000, 0x0000000086400000, 0x0000000086500000|  0%| F|  |TAMS 0x0000000086400000, 0x0000000086400000| Untracked 
| 101|0x0000000086500000, 0x0000000086500000, 0x0000000086600000|  0%| F|  |TAMS 0x0000000086500000, 0x0000000086500000| Untracked 
| 102|0x0000000086600000, 0x0000000086600000, 0x0000000086700000|  0%| F|  |TAMS 0x0000000086600000, 0x0000000086600000| Untracked 
| 103|0x0000000086700000, 0x0000000086700000, 0x0000000086800000|  0%| F|  |TAMS 0x0000000086700000, 0x0000000086700000| Untracked 
| 104|0x0000000086800000, 0x0000000086800000, 0x0000000086900000|  0%| F|  |TAMS 0x0000000086800000, 0x0000000086800000| Untracked 
| 105|0x0000000086900000, 0x0000000086900000, 0x0000000086a00000|  0%| F|  |TAMS 0x0000000086900000, 0x0000000086900000| Untracked 
| 106|0x0000000086a00000, 0x0000000086a00000, 0x0000000086b00000|  0%| F|  |TAMS 0x0000000086a00000, 0x0000000086a00000| Untracked 
| 107|0x0000000086b00000, 0x0000000086b00000, 0x0000000086c00000|  0%| F|  |TAMS 0x0000000086b00000, 0x0000000086b00000| Untracked 
| 108|0x0000000086c00000, 0x0000000086c00000, 0x0000000086d00000|  0%| F|  |TAMS 0x0000000086c00000, 0x0000000086c00000| Untracked 
| 109|0x0000000086d00000, 0x0000000086d00000, 0x0000000086e00000|  0%| F|  |TAMS 0x0000000086d00000, 0x0000000086d00000| Untracked 
| 110|0x0000000086e00000, 0x0000000086e00000, 0x0000000086f00000|  0%| F|  |TAMS 0x0000000086e00000, 0x0000000086e00000| Untracked 
| 111|0x0000000086f00000, 0x0000000086f00000, 0x0000000087000000|  0%| F|  |TAMS 0x0000000086f00000, 0x0000000086f00000| Untracked 
| 112|0x0000000087000000, 0x00000000870b6a80, 0x0000000087100000| 71%| E|  |TAMS 0x0000000087000000, 0x0000000087000000| Complete 
| 113|0x0000000087100000, 0x0000000087200000, 0x0000000087200000|100%| E|CS|TAMS 0x0000000087100000, 0x0000000087100000| Complete 
| 114|0x0000000087200000, 0x0000000087300000, 0x0000000087300000|100%| E|CS|TAMS 0x0000000087200000, 0x0000000087200000| Complete 
| 115|0x0000000087300000, 0x0000000087400000, 0x0000000087400000|100%| E|CS|TAMS 0x0000000087300000, 0x0000000087300000| Complete 
| 116|0x0000000087400000, 0x0000000087500000, 0x0000000087500000|100%| E|CS|TAMS 0x0000000087400000, 0x0000000087400000| Complete 
| 117|0x0000000087500000, 0x0000000087600000, 0x0000000087600000|100%| E|CS|TAMS 0x0000000087500000, 0x0000000087500000| Complete 
| 118|0x0000000087600000, 0x0000000087700000, 0x0000000087700000|100%| E|CS|TAMS 0x0000000087600000, 0x0000000087600000| Complete 
| 119|0x0000000087700000, 0x0000000087800000, 0x0000000087800000|100%| E|  |TAMS 0x0000000087700000, 0x0000000087700000| Complete 
| 120|0x0000000087800000, 0x0000000087900000, 0x0000000087900000|100%| E|CS|TAMS 0x0000000087800000, 0x0000000087800000| Complete 
| 121|0x0000000087900000, 0x0000000087a00000, 0x0000000087a00000|100%| E|CS|TAMS 0x0000000087900000, 0x0000000087900000| Complete 
| 122|0x0000000087a00000, 0x0000000087b00000, 0x0000000087b00000|100%| E|CS|TAMS 0x0000000087a00000, 0x0000000087a00000| Complete 
| 123|0x0000000087b00000, 0x0000000087c00000, 0x0000000087c00000|100%| E|CS|TAMS 0x0000000087b00000, 0x0000000087b00000| Complete 
| 124|0x0000000087c00000, 0x0000000087d00000, 0x0000000087d00000|100%| E|CS|TAMS 0x0000000087c00000, 0x0000000087c00000| Complete 
| 125|0x0000000087d00000, 0x0000000087e00000, 0x0000000087e00000|100%| E|CS|TAMS 0x0000000087d00000, 0x0000000087d00000| Complete 
| 126|0x0000000087e00000, 0x0000000087f00000, 0x0000000087f00000|100%| E|CS|TAMS 0x0000000087e00000, 0x0000000087e00000| Complete 
| 127|0x0000000087f00000, 0x0000000088000000, 0x0000000088000000|100%| E|CS|TAMS 0x0000000087f00000, 0x0000000087f00000| Complete 
| 128|0x0000000088000000, 0x0000000088100000, 0x0000000088100000|100%| E|CS|TAMS 0x0000000088000000, 0x0000000088000000| Complete 
| 129|0x0000000088100000, 0x0000000088200000, 0x0000000088200000|100%| E|CS|TAMS 0x0000000088100000, 0x0000000088100000| Complete 
| 130|0x0000000088200000, 0x0000000088300000, 0x0000000088300000|100%| E|CS|TAMS 0x0000000088200000, 0x0000000088200000| Complete 
| 131|0x0000000088300000, 0x0000000088400000, 0x0000000088400000|100%| E|CS|TAMS 0x0000000088300000, 0x0000000088300000| Complete 

Card table byte_map: [0x0000023b20ba0000,0x0000023b20fa0000] _byte_map_base: 0x0000023b207a0000

Marking Bits (Prev, Next): (CMBitMap*) 0x0000023b0dde5f00, (CMBitMap*) 0x0000023b0dde5ec0
 Prev Bits: [0x0000023b233a0000, 0x0000023b253a0000)
 Next Bits: [0x0000023b213a0000, 0x0000023b233a0000)

Polling page: 0x0000023b0bcb0000

Metaspace:

Usage:
  Non-class:     57.57 MB used.
      Class:      8.98 MB used.
       Both:     66.55 MB used.

Virtual space:
  Non-class space:       64.00 MB reserved,      57.88 MB ( 90%) committed,  8 nodes.
      Class space:        1.00 GB reserved,       9.31 MB ( <1%) committed,  1 nodes.
             Both:        1.06 GB reserved,      67.19 MB (  6%) committed. 

Chunk freelists:
   Non-Class:  1.50 MB
       Class:  2.52 MB
        Both:  4.02 MB

MaxMetaspaceSize: unlimited
CompressedClassSpaceSize: 1.00 GB
Initial GC threshold: 21.00 MB
Current GC threshold: 96.06 MB
CDS: off
MetaspaceReclaimPolicy: balanced
 - commit_granule_bytes: 65536.
 - commit_granule_words: 8192.
 - virtual_space_node_default_size: 1048576.
 - enlarge_chunks_in_place: 1.
 - new_chunks_are_fully_committed: 0.
 - uncommit_free_chunks: 1.
 - use_allocation_guard: 0.
 - handle_deallocations: 1.


Internal statistics:

num_allocs_failed_limit: 6.
num_arena_births: 1012.
num_arena_deaths: 2.
num_vsnodes_births: 9.
num_vsnodes_deaths: 0.
num_space_committed: 1074.
num_space_uncommitted: 0.
num_chunks_returned_to_freelist: 9.
num_chunks_taken_from_freelist: 3694.
num_chunk_merges: 6.
num_chunk_splits: 2204.
num_chunks_enlarged: 1244.
num_purges: 2.
num_inconsistent_stats: 0.

CodeHeap 'non-profiled nmethods': size=120000Kb used=3503Kb max_used=3503Kb free=116496Kb
 bounds [0x0000023b18d20000, 0x0000023b19090000, 0x0000023b20250000]
CodeHeap 'profiled nmethods': size=120000Kb used=14616Kb max_used=14616Kb free=105383Kb
 bounds [0x0000023b11250000, 0x0000023b120a0000, 0x0000023b18780000]
CodeHeap 'non-nmethods': size=5760Kb used=1636Kb max_used=1697Kb free=4123Kb
 bounds [0x0000023b18780000, 0x0000023b189f0000, 0x0000023b18d20000]
 total_blobs=8276 nmethods=7561 adapters=627
 compilation: enabled
              stopped_count=0, restarted_count=0
 full_count=0

Compilation events (20 events):
Event: 18.374 Thread 0x0000023b28c53460 8570       3       org.gradle.internal.file.FileHierarchySet$Node::isChildOfOrThis (110 bytes)
Event: 18.375 Thread 0x0000023b28c53460 nmethod 8570 0x0000023b1207f410 code [0x0000023b1207f740, 0x0000023b12080c18]
Event: 18.375 Thread 0x0000023b28c53460 8571       2       org.gradle.internal.snapshot.AbstractListChildMap::invalidate (72 bytes)
Event: 18.376 Thread 0x0000023b28c53460 nmethod 8571 0x0000023b12081490 code [0x0000023b120816c0, 0x0000023b12081d18]
Event: 18.376 Thread 0x0000023b28c53460 8572       2       org.gradle.internal.snapshot.AbstractInvalidateChildHandler$$Lambda$757/0x00000001007d90f8::apply (9 bytes)
Event: 18.376 Thread 0x0000023b28c53460 nmethod 8572 0x0000023b12082110 code [0x0000023b120822a0, 0x0000023b120823c8]
Event: 18.376 Thread 0x0000023b28c53460 8573       1       org.gradle.internal.watch.registry.impl.DefaultFileWatcherRegistry::access$100 (5 bytes)
Event: 18.376 Thread 0x0000023b28c53460 nmethod 8573 0x0000023b1908af90 code [0x0000023b1908b120, 0x0000023b1908b1d8]
Event: 18.376 Thread 0x0000023b28c53460 8574       1       org.gradle.internal.watch.registry.impl.DefaultFileWatcherRegistry::access$200 (5 bytes)
Event: 18.376 Thread 0x0000023b28c53460 nmethod 8574 0x0000023b1908b290 code [0x0000023b1908b420, 0x0000023b1908b4d8]
Event: 18.376 Thread 0x0000023b28c53460 8575       1       org.gradle.internal.watch.vfs.impl.WatchingVirtualFileSystem::access$400 (5 bytes)
Event: 18.376 Thread 0x0000023b28c53460 nmethod 8575 0x0000023b1908b590 code [0x0000023b1908b720, 0x0000023b1908b7d8]
Event: 18.388 Thread 0x0000023b28c53460 8576       2       org.gradle.internal.snapshot.AbstractListChildMap$1::withReplacedChild (10 bytes)
Event: 18.388 Thread 0x0000023b28c53460 nmethod 8576 0x0000023b12082490 code [0x0000023b12082620, 0x0000023b12082768]
Event: 18.388 Thread 0x0000023b28c53460 8577       2       org.gradle.internal.snapshot.AbstractListChildMap$1::withReplacedChild (14 bytes)
Event: 18.388 Thread 0x0000023b28c53460 nmethod 8577 0x0000023b12082890 code [0x0000023b12082a20, 0x0000023b12082b68]
Event: 18.388 Thread 0x0000023b28c53460 8578       2       org.gradle.internal.watch.vfs.impl.WatchingVirtualFileSystem$CompositeChangeHandler$$Lambda$717/0x00000001007caed0::accept (16 bytes)
Event: 18.389 Thread 0x0000023b28c53460 nmethod 8578 0x0000023b12082c90 code [0x0000023b12082e40, 0x0000023b12082fc8]
Event: 18.389 Thread 0x0000023b28c53460 8579       2       org.gradle.internal.watch.vfs.impl.WatchingVirtualFileSystem$CompositeChangeHandler::lambda$handleChange$0 (9 bytes)
Event: 18.389 Thread 0x0000023b28c53460 nmethod 8579 0x0000023b12083090 code [0x0000023b12083220, 0x0000023b12083348]

GC Heap History (20 events):
Event: 11.902 GC heap before
{Heap before GC invocations=17 (full 0):
 garbage-first heap   total 82944K, used 64432K [0x0000000080000000, 0x0000000100000000)
  region size 1024K, 21 young (21504K), 1 survivors (1024K)
 Metaspace       used 57679K, committed 58304K, reserved 1105920K
  class space    used 7963K, committed 8256K, reserved 1048576K
}
Event: 11.907 GC heap after
{Heap after GC invocations=18 (full 0):
 garbage-first heap   total 82944K, used 47594K [0x0000000080000000, 0x0000000100000000)
  region size 1024K, 3 young (3072K), 3 survivors (3072K)
 Metaspace       used 57679K, committed 58304K, reserved 1105920K
  class space    used 7963K, committed 8256K, reserved 1048576K
}
Event: 12.104 GC heap before
{Heap before GC invocations=19 (full 0):
 garbage-first heap   total 87040K, used 66026K [0x0000000080000000, 0x0000000100000000)
  region size 1024K, 21 young (21504K), 3 survivors (3072K)
 Metaspace       used 58129K, committed 58752K, reserved 1105920K
  class space    used 8027K, committed 8384K, reserved 1048576K
}
Event: 12.109 GC heap after
{Heap after GC invocations=20 (full 0):
 garbage-first heap   total 87040K, used 49403K [0x0000000080000000, 0x0000000100000000)
  region size 1024K, 2 young (2048K), 2 survivors (2048K)
 Metaspace       used 58129K, committed 58752K, reserved 1105920K
  class space    used 8027K, committed 8384K, reserved 1048576K
}
Event: 12.124 GC heap before
{Heap before GC invocations=20 (full 0):
 garbage-first heap   total 87040K, used 50427K [0x0000000080000000, 0x0000000100000000)
  region size 1024K, 4 young (4096K), 2 survivors (2048K)
 Metaspace       used 58147K, committed 58752K, reserved 1105920K
  class space    used 8029K, committed 8384K, reserved 1048576K
}
Event: 12.127 GC heap after
{Heap after GC invocations=21 (full 0):
 garbage-first heap   total 87040K, used 49319K [0x0000000080000000, 0x0000000100000000)
  region size 1024K, 1 young (1024K), 1 survivors (1024K)
 Metaspace       used 58147K, committed 58752K, reserved 1105920K
  class space    used 8029K, committed 8384K, reserved 1048576K
}
Event: 12.366 GC heap before
{Heap before GC invocations=21 (full 0):
 garbage-first heap   total 87040K, used 68775K [0x0000000080000000, 0x0000000100000000)
  region size 1024K, 21 young (21504K), 1 survivors (1024K)
 Metaspace       used 58339K, committed 59008K, reserved 1105920K
  class space    used 8041K, committed 8384K, reserved 1048576K
}
Event: 12.368 GC heap after
{Heap after GC invocations=22 (full 0):
 garbage-first heap   total 135168K, used 50497K [0x0000000080000000, 0x0000000100000000)
  region size 1024K, 2 young (2048K), 2 survivors (2048K)
 Metaspace       used 58339K, committed 59008K, reserved 1105920K
  class space    used 8041K, committed 8384K, reserved 1048576K
}
Event: 13.311 GC heap before
{Heap before GC invocations=23 (full 0):
 garbage-first heap   total 135168K, used 102721K [0x0000000080000000, 0x0000000100000000)
  region size 1024K, 54 young (55296K), 2 survivors (2048K)
 Metaspace       used 58868K, committed 59520K, reserved 1105920K
  class space    used 8042K, committed 8384K, reserved 1048576K
}
Event: 13.316 GC heap after
{Heap after GC invocations=24 (full 0):
 garbage-first heap   total 135168K, used 53222K [0x0000000080000000, 0x0000000100000000)
  region size 1024K, 5 young (5120K), 5 survivors (5120K)
 Metaspace       used 58868K, committed 59520K, reserved 1105920K
  class space    used 8042K, committed 8384K, reserved 1048576K
}
Event: 13.343 GC heap before
{Heap before GC invocations=24 (full 0):
 garbage-first heap   total 135168K, used 54246K [0x0000000080000000, 0x0000000100000000)
  region size 1024K, 6 young (6144K), 5 survivors (5120K)
 Metaspace       used 58874K, committed 59520K, reserved 1105920K
  class space    used 8042K, committed 8384K, reserved 1048576K
}
Event: 13.351 GC heap after
{Heap after GC invocations=25 (full 0):
 garbage-first heap   total 135168K, used 53315K [0x0000000080000000, 0x0000000100000000)
  region size 1024K, 1 young (1024K), 1 survivors (1024K)
 Metaspace       used 58874K, committed 59520K, reserved 1105920K
  class space    used 8042K, committed 8384K, reserved 1048576K
}
Event: 14.033 GC heap before
{Heap before GC invocations=25 (full 0):
 garbage-first heap   total 135168K, used 104515K [0x0000000080000000, 0x0000000100000000)
  region size 1024K, 52 young (53248K), 1 survivors (1024K)
 Metaspace       used 58994K, committed 59648K, reserved 1105920K
  class space    used 8042K, committed 8384K, reserved 1048576K
}
Event: 14.036 GC heap after
{Heap after GC invocations=26 (full 0):
 garbage-first heap   total 135168K, used 55399K [0x0000000080000000, 0x0000000100000000)
  region size 1024K, 3 young (3072K), 3 survivors (3072K)
 Metaspace       used 58994K, committed 59648K, reserved 1105920K
  class space    used 8042K, committed 8384K, reserved 1048576K
}
Event: 14.978 GC heap before
{Heap before GC invocations=26 (full 0):
 garbage-first heap   total 135168K, used 106599K [0x0000000080000000, 0x0000000100000000)
  region size 1024K, 54 young (55296K), 3 survivors (3072K)
 Metaspace       used 60702K, committed 61312K, reserved 1105920K
  class space    used 8272K, committed 8576K, reserved 1048576K
}
Event: 14.983 GC heap after
{Heap after GC invocations=27 (full 0):
 garbage-first heap   total 135168K, used 58826K [0x0000000080000000, 0x0000000100000000)
  region size 1024K, 7 young (7168K), 7 survivors (7168K)
 Metaspace       used 60702K, committed 61312K, reserved 1105920K
  class space    used 8272K, committed 8576K, reserved 1048576K
}
Event: 17.071 GC heap before
{Heap before GC invocations=27 (full 0):
 garbage-first heap   total 135168K, used 106954K [0x0000000080000000, 0x0000000100000000)
  region size 1024K, 55 young (56320K), 7 survivors (7168K)
 Metaspace       used 64664K, committed 65280K, reserved 1105920K
  class space    used 8844K, committed 9152K, reserved 1048576K
}
Event: 17.076 GC heap after
{Heap after GC invocations=28 (full 0):
 garbage-first heap   total 135168K, used 62498K [0x0000000080000000, 0x0000000100000000)
  region size 1024K, 7 young (7168K), 7 survivors (7168K)
 Metaspace       used 64664K, committed 65280K, reserved 1105920K
  class space    used 8844K, committed 9152K, reserved 1048576K
}
Event: 18.233 GC heap before
{Heap before GC invocations=28 (full 0):
 garbage-first heap   total 135168K, used 109602K [0x0000000080000000, 0x0000000100000000)
  region size 1024K, 53 young (54272K), 7 survivors (7168K)
 Metaspace       used 67781K, committed 68416K, reserved 1114112K
  class space    used 9142K, committed 9472K, reserved 1048576K
}
Event: 18.240 GC heap after
{Heap after GC invocations=29 (full 0):
 garbage-first heap   total 135168K, used 66177K [0x0000000080000000, 0x0000000100000000)
  region size 1024K, 7 young (7168K), 7 survivors (7168K)
 Metaspace       used 67781K, committed 68416K, reserved 1114112K
  class space    used 9142K, committed 9472K, reserved 1048576K
}

Dll operation events (2 events):
Event: 0.011 Loaded shared library C:\Android\android-studio\jbr\bin\java.dll
Event: 0.436 Loaded shared library C:\Android\android-studio\jbr\bin\verify.dll

Deoptimization events (20 events):
Event: 17.932 Thread 0x0000023b297c94e0 Uncommon trap: trap_request=0xffffffc6 fr.pc=0x0000023b19034f34 relative=0x0000000000002674
Event: 17.932 Thread 0x0000023b297c94e0 Uncommon trap: reason=bimorphic_or_optimized_type_check action=maybe_recompile pc=0x0000023b19034f34 method=org.gradle.internal.snapshot.AbstractStorePathRelationshipHandler.handleAsDescendantOfChild(Lorg/gradle/internal/snapshot/VfsRelativePath;Ljava/lan
Event: 17.932 Thread 0x0000023b297c94e0 DEOPT PACKING pc=0x0000023b19034f34 sp=0x000000659f9fb1f0
Event: 17.932 Thread 0x0000023b297c94e0 DEOPT UNPACKING pc=0x0000023b187d69a3 sp=0x000000659f9fb0b8 mode 2
Event: 17.932 Thread 0x0000023b297c94e0 Uncommon trap: trap_request=0xffffffc6 fr.pc=0x0000023b18e24564 relative=0x0000000000003904
Event: 17.932 Thread 0x0000023b297c94e0 Uncommon trap: reason=bimorphic_or_optimized_type_check action=maybe_recompile pc=0x0000023b18e24564 method=org.gradle.internal.snapshot.AbstractListChildMap.store(Lorg/gradle/internal/snapshot/VfsRelativePath;Lorg/gradle/internal/snapshot/CaseSensitivity
Event: 17.932 Thread 0x0000023b297c94e0 DEOPT PACKING pc=0x0000023b18e24564 sp=0x000000659f9faec0
Event: 17.932 Thread 0x0000023b297c94e0 DEOPT UNPACKING pc=0x0000023b187d69a3 sp=0x000000659f9faed0 mode 2
Event: 18.188 Thread 0x0000023b2b867850 Uncommon trap: trap_request=0xffffff5c fr.pc=0x0000023b18e3e074 relative=0x0000000000001ab4
Event: 18.188 Thread 0x0000023b2b867850 Uncommon trap: reason=speculate_null_check action=make_not_entrant pc=0x0000023b18e3e074 method=java.util.concurrent.locks.AbstractQueuedSynchronizer.acquire(Ljava/util/concurrent/locks/AbstractQueuedSynchronizer$Node;IZZZJ)I @ 254 c2
Event: 18.188 Thread 0x0000023b2b867850 DEOPT PACKING pc=0x0000023b18e3e074 sp=0x00000065a76ff170
Event: 18.188 Thread 0x0000023b2b867850 DEOPT UNPACKING pc=0x0000023b187d69a3 sp=0x00000065a76ff130 mode 2
Event: 18.324 Thread 0x0000023b297c94e0 Uncommon trap: trap_request=0xffffff45 fr.pc=0x0000023b18ffa870 relative=0x0000000000000070
Event: 18.324 Thread 0x0000023b297c94e0 Uncommon trap: reason=unstable_if action=reinterpret pc=0x0000023b18ffa870 method=java.nio.ByteBuffer.order(Ljava/nio/ByteOrder;)Ljava/nio/ByteBuffer; @ 5 c2
Event: 18.324 Thread 0x0000023b297c94e0 DEOPT PACKING pc=0x0000023b18ffa870 sp=0x000000659f9f8e80
Event: 18.324 Thread 0x0000023b297c94e0 DEOPT UNPACKING pc=0x0000023b187d69a3 sp=0x000000659f9f8e10 mode 2
Event: 18.332 Thread 0x0000023b29f38340 Uncommon trap: trap_request=0xffffff45 fr.pc=0x0000023b18d8d498 relative=0x0000000000000578
Event: 18.332 Thread 0x0000023b29f38340 Uncommon trap: reason=unstable_if action=reinterpret pc=0x0000023b18d8d498 method=org.gradle.internal.snapshot.AbstractListChildMap.withReplacedChild(ILjava/lang/String;Ljava/lang/Object;)Lorg/gradle/internal/snapshot/ChildMap; @ 36 c2
Event: 18.332 Thread 0x0000023b29f38340 DEOPT PACKING pc=0x0000023b18d8d498 sp=0x000000659e9fdb20
Event: 18.332 Thread 0x0000023b29f38340 DEOPT UNPACKING pc=0x0000023b187d69a3 sp=0x000000659e9fdb00 mode 2

Classes unloaded (1 events):
Event: 12.405 Thread 0x0000023b28028a00 Unloading class 0x0000000100810800 'java/lang/invoke/LambdaForm$DMH+0x0000000100810800'

Classes redefined (0 events):
No events

Internal exceptions (20 events):
Event: 11.909 Thread 0x0000023b297c2fd0 Exception <a 'sun/nio/fs/WindowsException'{0x0000000087d79bd0}> (0x0000000087d79bd0) 
thrown [s\src\hotspot\share\prims\jni.cpp, line 517]
Event: 11.922 Thread 0x0000023b297c9010 Exception <a 'java/lang/NoSuchMethodError'{0x0000000085231d90}: 'int java.lang.invoke.DirectMethodHandle$Holder.invokeSpecial(java.lang.Object, java.lang.Object, java.lang.Object, java.lang.Object, java.lang.Object)'> (0x0000000085231d90) 
thrown [s\src\hotspot\share\interpreter\linkResolver.cpp, line 771]
Event: 13.934 Thread 0x0000023b297c2fd0 Implicit null exception at 0x0000023b18dc8960 to 0x0000023b18dc89ec
Event: 14.189 Thread 0x0000023b297c94e0 Exception <a 'java/lang/NoSuchMethodError'{0x0000000087469a08}: static Lcom/android/build/gradle/internal/scope/InternalArtifactType;.<clinit>()V> (0x0000000087469a08) 
thrown [s\src\hotspot\share\prims\jni.cpp, line 1108]
Event: 14.189 Thread 0x0000023b297c94e0 Exception <a 'java/lang/NoSuchMethodError'{0x000000008746b160}: static Lcom/android/build/gradle/internal/scope/InternalArtifactType;.<clinit>()V> (0x000000008746b160) 
thrown [s\src\hotspot\share\prims\jni.cpp, line 1108]
Event: 14.190 Thread 0x0000023b297c94e0 Exception <a 'java/lang/NoSuchMethodError'{0x000000008746e300}: static Lcom/android/build/api/artifact/Artifact$Single;.<clinit>()V> (0x000000008746e300) 
thrown [s\src\hotspot\share\prims\jni.cpp, line 1108]
Event: 14.190 Thread 0x0000023b297c2fd0 Exception <a 'sun/nio/fs/WindowsException'{0x0000000087452f00}> (0x0000000087452f00) 
thrown [s\src\hotspot\share\prims\jni.cpp, line 517]
Event: 14.190 Thread 0x0000023b297c94e0 Exception <a 'java/lang/NoSuchMethodError'{0x0000000087470890}: static Ljava/lang/Object;.<clinit>()V> (0x0000000087470890) 
thrown [s\src\hotspot\share\prims\jni.cpp, line 1108]
Event: 14.191 Thread 0x0000023b297c94e0 Exception <a 'java/lang/NoSuchMethodError'{0x000000008748d2a0}: static Lcom/android/build/api/artifact/ArtifactKind;.<clinit>()V> (0x000000008748d2a0) 
thrown [s\src\hotspot\share\prims\jni.cpp, line 1108]
Event: 14.192 Thread 0x0000023b297c94e0 Exception <a 'java/lang/NoSuchMethodError'{0x000000008748e460}: static Lcom/android/build/api/artifact/ArtifactKind;.<clinit>()V> (0x000000008748e460) 
thrown [s\src\hotspot\share\prims\jni.cpp, line 1108]
Event: 14.221 Thread 0x0000023b297c94e0 Exception <a 'java/lang/NoSuchMethodError'{0x000000008723f9c8}: 'java.lang.Object java.lang.invoke.DirectMethodHandle$Holder.invokeSpecial(java.lang.Object, java.lang.Object, java.lang.Object, int, java.lang.Object, java.lang.Object)'> (0x000000008723f9c8) 
thrown [s\src\hotspot\share\interpreter\linkResolver.cpp, line 771]
Event: 14.340 Thread 0x0000023b297c94e0 Exception <a 'sun/nio/fs/WindowsException'{0x000000008680ef80}> (0x000000008680ef80) 
thrown [s\src\hotspot\share\prims\jni.cpp, line 517]
Event: 14.353 Thread 0x0000023b297c94e0 Exception <a 'sun/nio/fs/WindowsException'{0x00000000868bf6b0}> (0x00000000868bf6b0) 
thrown [s\src\hotspot\share\prims\jni.cpp, line 517]
Event: 14.931 Thread 0x0000023b297c2fd0 Implicit null exception at 0x0000023b18e28988 to 0x0000023b18e28b00
Event: 15.701 Thread 0x0000023b297c94e0 Exception <a 'java/lang/NullPointerException'{0x0000000087dce010}> (0x0000000087dce010) 
thrown [s\src\hotspot\share\interpreter\linkResolver.cpp, line 1447]
Event: 15.960 Thread 0x0000023b297c94e0 Exception <a 'sun/nio/fs/WindowsException'{0x0000000087092c30}> (0x0000000087092c30) 
thrown [s\src\hotspot\share\prims\jni.cpp, line 517]
Event: 15.961 Thread 0x0000023b297c94e0 Exception <a 'sun/nio/fs/WindowsException'{0x00000000870939c8}> (0x00000000870939c8) 
thrown [s\src\hotspot\share\prims\jni.cpp, line 517]
Event: 15.961 Thread 0x0000023b297c94e0 Exception <a 'sun/nio/fs/WindowsException'{0x00000000870947b0}> (0x00000000870947b0) 
thrown [s\src\hotspot\share\prims\jni.cpp, line 517]
Event: 15.961 Thread 0x0000023b297c94e0 Exception <a 'sun/nio/fs/WindowsException'{0x0000000087095598}> (0x0000000087095598) 
thrown [s\src\hotspot\share\prims\jni.cpp, line 517]
Event: 17.420 Thread 0x0000023b297c94e0 Exception <a 'java/lang/NoSuchMethodError'{0x0000000087843788}: static Ljava/lang/Object;.<clinit>()V> (0x0000000087843788) 
thrown [s\src\hotspot\share\prims\jni.cpp, line 1108]

VM Operations (20 events):
Event: 15.667 Executing VM operation: HandshakeAllThreads
Event: 15.667 Executing VM operation: HandshakeAllThreads done
Event: 15.779 Executing VM operation: HandshakeAllThreads
Event: 15.779 Executing VM operation: HandshakeAllThreads done
Event: 15.925 Executing VM operation: HandshakeAllThreads
Event: 15.925 Executing VM operation: HandshakeAllThreads done
Event: 16.314 Executing VM operation: ICBufferFull
Event: 16.315 Executing VM operation: ICBufferFull done
Event: 17.071 Executing VM operation: G1CollectForAllocation
Event: 17.077 Executing VM operation: G1CollectForAllocation done
Event: 17.391 Executing VM operation: HandshakeAllThreads
Event: 17.391 Executing VM operation: HandshakeAllThreads done
Event: 17.643 Executing VM operation: HandshakeAllThreads
Event: 17.643 Executing VM operation: HandshakeAllThreads done
Event: 17.645 Executing VM operation: ICBufferFull
Event: 17.646 Executing VM operation: ICBufferFull done
Event: 18.083 Executing VM operation: ICBufferFull
Event: 18.084 Executing VM operation: ICBufferFull done
Event: 18.232 Executing VM operation: G1CollectForAllocation
Event: 18.240 Executing VM operation: G1CollectForAllocation done

Events (20 events):
Event: 18.112 loading class java/util/concurrent/Executors$DefaultThreadFactory done
Event: 18.133 Thread 0x0000023b2b867d20 Thread added: 0x0000023b2b867d20
Event: 18.159 loading class java/util/DualPivotQuicksort
Event: 18.160 loading class java/util/DualPivotQuicksort done
Event: 18.171 loading class java/util/PrimitiveIterator$OfInt
Event: 18.171 loading class java/util/PrimitiveIterator
Event: 18.171 loading class java/util/PrimitiveIterator done
Event: 18.171 loading class java/util/PrimitiveIterator$OfInt done
Event: 18.187 Thread 0x0000023b2b867850 Thread added: 0x0000023b2b867850
Event: 18.188 Thread 0x0000023b2b8681f0 Thread added: 0x0000023b2b8681f0
Event: 18.188 Thread 0x0000023b2b868b90 Thread added: 0x0000023b2b868b90
Event: 18.188 Thread 0x0000023b2b864d00 Thread added: 0x0000023b2b864d00
Event: 18.188 Thread 0x0000023b2b86a870 Thread added: 0x0000023b2b86a870
Event: 18.189 Thread 0x0000023b2b869a00 Thread added: 0x0000023b2b869a00
Event: 18.189 Thread 0x0000023b2b8651d0 Thread added: 0x0000023b2b8651d0
Event: 18.189 Thread 0x0000023b2b8656a0 Thread added: 0x0000023b2b8656a0
Event: 18.189 Thread 0x0000023b2b869ed0 Thread added: 0x0000023b2b869ed0
Event: 18.189 Thread 0x0000023b2b869060 Thread added: 0x0000023b2b869060
Event: 18.189 Thread 0x0000023b2b866040 Thread added: 0x0000023b2b866040
Event: 18.189 Thread 0x0000023b2b8634f0 Thread added: 0x0000023b2b8634f0


Dynamic libraries:
0x00007ff7f02b0000 - 0x00007ff7f02ba000 	C:\Android\android-studio\jbr\bin\java.exe
0x00007ff817750000 - 0x00007ff817967000 	C:\WINDOWS\SYSTEM32\ntdll.dll
0x00007ff816bd0000 - 0x00007ff816c94000 	C:\WINDOWS\System32\KERNEL32.DLL
0x00007ff815070000 - 0x00007ff815416000 	C:\WINDOWS\System32\KERNELBASE.dll
0x00007ff814cf0000 - 0x00007ff814e01000 	C:\WINDOWS\System32\ucrtbase.dll
0x00007fffd3e30000 - 0x00007fffd3e47000 	C:\Android\android-studio\jbr\bin\jli.dll
0x00007ff805100000 - 0x00007ff80511b000 	C:\Android\android-studio\jbr\bin\VCRUNTIME140.dll
0x00007ff816ca0000 - 0x00007ff816e4e000 	C:\WINDOWS\System32\USER32.dll
0x00007ff814fd0000 - 0x00007ff814ff6000 	C:\WINDOWS\System32\win32u.dll
0x00007fffffb30000 - 0x00007fffffdc3000 	C:\WINDOWS\WinSxS\amd64_microsoft.windows.common-controls_6595b64144ccf1df_6.0.22621.2506_none_270c5ae97388e100\COMCTL32.dll
0x00007ff8163b0000 - 0x00007ff816457000 	C:\WINDOWS\System32\msvcrt.dll
0x00007ff816e50000 - 0x00007ff816e79000 	C:\WINDOWS\System32\GDI32.dll
0x00007ff814e10000 - 0x00007ff814f28000 	C:\WINDOWS\System32\gdi32full.dll
0x00007ff814f30000 - 0x00007ff814fca000 	C:\WINDOWS\System32\msvcp_win.dll
0x00007ff816ff0000 - 0x00007ff817021000 	C:\WINDOWS\System32\IMM32.DLL
0x00007ff80f670000 - 0x00007ff80f67c000 	C:\Android\android-studio\jbr\bin\vcruntime140_1.dll
0x00007fffbb160000 - 0x00007fffbb1ed000 	C:\Android\android-studio\jbr\bin\msvcp140.dll
0x00007fffa8c60000 - 0x00007fffa98ce000 	C:\Android\android-studio\jbr\bin\server\jvm.dll
0x00007ff816600000 - 0x00007ff8166b1000 	C:\WINDOWS\System32\ADVAPI32.dll
0x00007ff817110000 - 0x00007ff8171b5000 	C:\WINDOWS\System32\sechost.dll
0x00007ff8159d0000 - 0x00007ff815ae7000 	C:\WINDOWS\System32\RPCRT4.dll
0x00007ffff84e0000 - 0x00007ffff84e9000 	C:\WINDOWS\SYSTEM32\WSOCK32.dll
0x00007ff816b50000 - 0x00007ff816bc1000 	C:\WINDOWS\System32\WS2_32.dll
0x00007ff80e460000 - 0x00007ff80e46a000 	C:\WINDOWS\SYSTEM32\VERSION.dll
0x00007ff805e80000 - 0x00007ff805eb4000 	C:\WINDOWS\SYSTEM32\WINMM.dll
0x00007ff813ac0000 - 0x00007ff813ad8000 	C:\WINDOWS\SYSTEM32\kernel.appcore.dll
0x00007ff811610000 - 0x00007ff81161a000 	C:\Android\android-studio\jbr\bin\jimage.dll
0x00007ff8123f0000 - 0x00007ff812623000 	C:\WINDOWS\SYSTEM32\DBGHELP.DLL
0x00007ff817320000 - 0x00007ff8176a9000 	C:\WINDOWS\System32\combase.dll
0x00007ff8154a0000 - 0x00007ff815577000 	C:\WINDOWS\System32\OLEAUT32.dll
0x00007ff80bb70000 - 0x00007ff80bba2000 	C:\WINDOWS\SYSTEM32\dbgcore.DLL
0x00007ff815420000 - 0x00007ff81549a000 	C:\WINDOWS\System32\bcryptPrimitives.dll
0x00007ff804e80000 - 0x00007ff804ea5000 	C:\Android\android-studio\jbr\bin\java.dll
0x00007ff804e60000 - 0x00007ff804e78000 	C:\Android\android-studio\jbr\bin\zip.dll
0x00007ff815b50000 - 0x00007ff8163aa000 	C:\WINDOWS\System32\SHELL32.dll
0x00007ff8129e0000 - 0x00007ff8132d6000 	C:\WINDOWS\SYSTEM32\windows.storage.dll
0x00007ff8128a0000 - 0x00007ff8129de000 	C:\WINDOWS\SYSTEM32\wintypes.dll
0x00007ff815580000 - 0x00007ff815673000 	C:\WINDOWS\System32\SHCORE.dll
0x00007ff8176b0000 - 0x00007ff81770e000 	C:\WINDOWS\System32\shlwapi.dll
0x00007ff8149f0000 - 0x00007ff814a16000 	C:\WINDOWS\SYSTEM32\profapi.dll
0x00007fffd6000000 - 0x00007fffd6019000 	C:\Android\android-studio\jbr\bin\net.dll
0x00007ff80e0d0000 - 0x00007ff80e207000 	C:\WINDOWS\SYSTEM32\WINHTTP.dll
0x00007ff813f40000 - 0x00007ff813fa9000 	C:\WINDOWS\system32\mswsock.dll
0x00007fffd5a00000 - 0x00007fffd5a16000 	C:\Android\android-studio\jbr\bin\nio.dll
0x00007ff804e20000 - 0x00007ff804e30000 	C:\Android\android-studio\jbr\bin\verify.dll
0x00007ff803730000 - 0x00007ff803757000 	C:\Android\sdk\native\68d5fa5c4cc2d200863cafc0d521ce42e7d3e7ee720ec0a83991735586a16f82\windows-amd64\native-platform.dll
0x00007fffbbec0000 - 0x00007fffbc004000 	C:\Android\sdk\native\e376f236ea51e6404a007f0833ffe2c6e607c4080706a723a18a27aeea778392\windows-amd64\native-platform-file-events.dll
0x00007ff803760000 - 0x00007ff803769000 	C:\Android\android-studio\jbr\bin\management.dll
0x00007ff801bd0000 - 0x00007ff801bdb000 	C:\Android\android-studio\jbr\bin\management_ext.dll
0x00007ff815b40000 - 0x00007ff815b48000 	C:\WINDOWS\System32\PSAPI.DLL
0x00007ff814190000 - 0x00007ff8141ab000 	C:\WINDOWS\SYSTEM32\CRYPTSP.dll
0x00007ff813a20000 - 0x00007ff813a55000 	C:\WINDOWS\system32\rsaenh.dll
0x00007ff814030000 - 0x00007ff81405c000 	C:\WINDOWS\SYSTEM32\USERENV.dll
0x00007ff8143e0000 - 0x00007ff814408000 	C:\WINDOWS\SYSTEM32\bcrypt.dll
0x00007ff8141b0000 - 0x00007ff8141bc000 	C:\WINDOWS\SYSTEM32\CRYPTBASE.dll
0x00007ff813540000 - 0x00007ff81356d000 	C:\WINDOWS\SYSTEM32\IPHLPAPI.DLL
0x00007ff8166c0000 - 0x00007ff8166c9000 	C:\WINDOWS\System32\NSI.dll
0x00007ff80e4f0000 - 0x00007ff80e509000 	C:\WINDOWS\SYSTEM32\dhcpcsvc6.DLL
0x00007ff80e4d0000 - 0x00007ff80e4ef000 	C:\WINDOWS\SYSTEM32\dhcpcsvc.DLL
0x00007ff8135b0000 - 0x00007ff8136a9000 	C:\WINDOWS\SYSTEM32\DNSAPI.dll
0x00007ff800540000 - 0x00007ff800548000 	C:\WINDOWS\system32\wshunix.dll

dbghelp: loaded successfully - version: 4.0.5 - missing functions: none
symbol engine: initialized successfully - sym options: 0x614 - pdb path: .;C:\Android\android-studio\jbr\bin;C:\WINDOWS\SYSTEM32;C:\WINDOWS\WinSxS\amd64_microsoft.windows.common-controls_6595b64144ccf1df_6.0.22621.2506_none_270c5ae97388e100;C:\Android\android-studio\jbr\bin\server;C:\Android\sdk\native\68d5fa5c4cc2d200863cafc0d521ce42e7d3e7ee720ec0a83991735586a16f82\windows-amd64;C:\Android\sdk\native\e376f236ea51e6404a007f0833ffe2c6e607c4080706a723a18a27aeea778392\windows-amd64

VM Arguments:
jvm_args: --add-opens=java.base/java.util=ALL-UNNAMED --add-opens=java.base/java.lang=ALL-UNNAMED --add-opens=java.base/java.lang.invoke=ALL-UNNAMED --add-opens=java.prefs/java.util.prefs=ALL-UNNAMED --add-opens=java.base/java.nio.charset=ALL-UNNAMED --add-opens=java.base/java.net=ALL-UNNAMED --add-opens=java.base/java.util.concurrent.atomic=ALL-UNNAMED -Xmx2048m -Dfile.encoding=UTF-8 -Duser.country=US -Duser.language=en -Duser.variant 
java_command: org.gradle.launcher.daemon.bootstrap.GradleDaemon 8.0
java_class_path (initial): C:\Android\sdk\wrapper\dists\gradle-8.0-bin\ca5e32bp14vu59qr306oxotwh\gradle-8.0\lib\gradle-launcher-8.0.jar
Launcher Type: SUN_STANDARD

[Global flags]
     intx CICompilerCount                          = 4                                         {product} {ergonomic}
     uint ConcGCThreads                            = 3                                         {product} {ergonomic}
     uint G1ConcRefinementThreads                  = 10                                        {product} {ergonomic}
   size_t G1HeapRegionSize                         = 1048576                                   {product} {ergonomic}
    uintx GCDrainStackTargetSize                   = 64                                        {product} {ergonomic}
   size_t InitialHeapSize                          = 132120576                                 {product} {ergonomic}
   size_t MarkStackSize                            = 4194304                                   {product} {ergonomic}
   size_t MaxHeapSize                              = 2147483648                                {product} {command line}
   size_t MaxNewSize                               = 1287651328                                {product} {ergonomic}
   size_t MinHeapDeltaBytes                        = 1048576                                   {product} {ergonomic}
   size_t MinHeapSize                              = 8388608                                   {product} {ergonomic}
    uintx NonNMethodCodeHeapSize                   = 5839372                                {pd product} {ergonomic}
    uintx NonProfiledCodeHeapSize                  = 122909434                              {pd product} {ergonomic}
    uintx ProfiledCodeHeapSize                     = 122909434                              {pd product} {ergonomic}
    uintx ReservedCodeCacheSize                    = 251658240                              {pd product} {ergonomic}
     bool SegmentedCodeCache                       = true                                      {product} {ergonomic}
   size_t SoftMaxHeapSize                          = 2147483648                             {manageable} {ergonomic}
     bool UseCompressedClassPointers               = true                           {product lp64_product} {ergonomic}
     bool UseCompressedOops                        = true                           {product lp64_product} {ergonomic}
     bool UseG1GC                                  = true                                      {product} {ergonomic}
     bool UseLargePagesIndividualAllocation        = false                                  {pd product} {ergonomic}

Logging:
Log output configuration:
 #0: stdout all=warning uptime,level,tags
 #1: stderr all=off uptime,level,tags

Environment Variables:
JAVA_HOME=C:\Program Files\Java\jdk-20
PATH=C:\ProgramData\Oracle\Java\javapath;C:\Program Files\Common Files\Oracle\Java\javapath;C:\Program Files (x86)\Common Files\Oracle\Java\javapath;C:\Program Files\Microsoft MPI\Bin\;C:\Windows\system32;C:\Windows;C:\Windows\System32\Wbem;C:\Windows\System32\WindowsPowerShell\v1.0\;C:\Windows\System32\OpenSSH\;C:\Program Files (x86)\NVIDIA Corporation\PhysX\Common;C:\Program Files\NVIDIA Corporation\NVIDIA NvDLISR;C:\FPC\2.6.4\bin\i386-Win32;C:\WINDOWS\system32;C:\WINDOWS;C:\WINDOWS\System32\Wbem;C:\WINDOWS\System32\WindowsPowerShell\v1.0\;C:\WINDOWS\System32\OpenSSH\;C:\Program Files (x86)\Microsoft SQL Server\150\Tools\Binn\;C:\Program Files\Microsoft SQL Server\150\Tools\Binn\;C:\Program Files (x86)\Microsoft SQL Server\150\DTS\Binn\;C:\Program Files\Microsoft SQL Server\150\DTS\Binn\;C:\Program Files\Microsoft SQL Server\Client SDK\ODBC\170\Tools\Binn\;C:\Program Files\Azure Data Studio\bin;C:\Program Files\dotnet\;C:\WINDOWS\system32;C:\WINDOWS;C:\WINDOWS\System32\Wbem;C:\WINDOWS\System32\WindowsPowerShell\v1.0\;C:\WINDOWS\System32\OpenSSH\;C:\MinGW\bin;C:\Program Files\Java\jdk-20\bin;C:\Program Files\Git\cmd;C:\Users\ASUS\AppData\Local\Microsoft\WindowsApps;;C:\Users\ASUS\AppData\Local\Programs\Microsoft VS Code\bin;C:\Program Files\Azure Data Studio\bin;C:\Users\ASUS\.dotnet\tools;C:\Program Files\JetBrains\IntelliJ IDEA Community Edition 2023.1.2\bin;;C:\Program Files\JetBrains\IntelliJ IDEA 2023.1.3\bin;
USERNAME=ASUS
OS=Windows_NT
PROCESSOR_IDENTIFIER=Intel64 Family 6 Model 158 Stepping 10, GenuineIntel
TMP=C:\Users\ASUS\AppData\Local\Temp
TEMP=C:\Users\ASUS\AppData\Local\Temp


JNI global refs:
JNI global refs: 25, weak refs: 28

JNI global refs memory usage: 843, weak refs: 841


---------------  S Y S T E M  ---------------

OS:
 Windows 11 , 64 bit Build 22621 (10.0.22621.2506)
OS uptime: 3 days 1:50 hours

CPU: total 12 (initial active 12) (6 cores per cpu, 2 threads per core) family 6 model 158 stepping 10 microcode 0xde, cx8, cmov, fxsr, ht, mmx, 3dnowpref, sse, sse2, sse3, ssse3, sse4.1, sse4.2, popcnt, lzcnt, tsc, tscinvbit, avx, avx2, aes, erms, clmul, bmi1, bmi2, adx, fma, vzeroupper, clflush, clflushopt

Memory: 4k page, system-wide physical 8042M (185M free)
TotalPageFile size 32618M (AvailPageFile size 6M)
current process WorkingSet (physical memory assigned to process): 331M, peak: 332M
current process commit charge ("private bytes"): 374M, peak: 376M

vm_info: OpenJDK 64-Bit Server VM (17.0.6+0-b2043.56-10027231) for windows-amd64 JRE (17.0.6+0-b2043.56-10027231), built on Apr 28 2023 00:43:19 by "androidbuild" with MS VC++ 16.10 / 16.11 (VS2019)

END.
